{"/Users/chlins/Desktop/heure_C-1/src/App.tsx": {"path":"/Users/chlins/Desktop/heure_C-1/src/App.tsx","statementMap":{"0":{"start":{"line":1,"column":0},"end":{"line":1,"column":31}},"1":{"start":{"line":20,"column":29},"end":{"line":90,"column":1}},"2":{"start":{"line":21,"column":22},"end":{"line":21,"column":38}},"3":{"start":{"line":22,"column":49},"end":{"line":22,"column":65}},"4":{"start":{"line":23,"column":34},"end":{"line":23,"column":56}},"5":{"start":{"line":25,"column":40},"end":{"line":25,"column":67}},"6":{"start":{"line":26,"column":40},"end":{"line":26,"column":66}},"7":{"start":{"line":27,"column":50},"end":{"line":27,"column":65}},"8":{"start":{"line":31,"column":2},"end":{"line":35,"column":10}},"9":{"start":{"line":32,"column":28},"end":{"line":32,"column":41}},"10":{"start":{"line":33,"column":4},"end":{"line":33,"column":63}},"11":{"start":{"line":34,"column":4},"end":{"line":34,"column":37}},"12":{"start":{"line":37,"column":2},"end":{"line":39,"column":22}},"13":{"start":{"line":38,"column":4},"end":{"line":38,"column":64}},"14":{"start":{"line":41,"column":2},"end":{"line":48,"column":35}},"15":{"start":{"line":42,"column":4},"end":{"line":47,"column":5}},"16":{"start":{"line":43,"column":6},"end":{"line":43,"column":34}},"17":{"start":{"line":44,"column":6},"end":{"line":44,"column":33}},"18":{"start":{"line":45,"column":11},"end":{"line":47,"column":5}},"19":{"start":{"line":46,"column":6},"end":{"line":46,"column":34}},"20":{"start":{"line":52,"column":2},"end":{"line":68,"column":3}},"21":{"start":{"line":53,"column":4},"end":{"line":60,"column":7}},"22":{"start":{"line":61,"column":4},"end":{"line":67,"column":6}},"23":{"start":{"line":70,"column":2},"end":{"line":77,"column":3}},"24":{"start":{"line":71,"column":4},"end":{"line":76,"column":6}},"25":{"start":{"line":79,"column":2},"end":{"line":89,"column":4}},"26":{"start":{"line":98,"column":5},"end":{"line":114,"column":1}},"27":{"start":{"line":99,"column":26},"end":{"line":99,"column":42}},"28":{"start":{"line":100,"column":39},"end":{"line":100,"column":66}},"29":{"start":{"line":101,"column":16},"end":{"line":101,"column":32}},"30":{"start":{"line":105,"column":2},"end":{"line":111,"column":3}},"31":{"start":{"line":106,"column":4},"end":{"line":110,"column":6}},"32":{"start":{"line":113,"column":2},"end":{"line":113,"column":58}},"33":{"start":{"line":116,"column":22},"end":{"line":124,"column":null}},"34":{"start":{"line":117,"column":2},"end":{"line":123,"column":null}}},"fnMap":{"0":{"name":"(anonymous_0)","decl":{"start":{"line":20,"column":29},"end":{"line":20,"column":32}},"loc":{"start":{"line":20,"column":34},"end":{"line":90,"column":1}}},"1":{"name":"(anonymous_1)","decl":{"start":{"line":31,"column":12},"end":{"line":31,"column":15}},"loc":{"start":{"line":31,"column":17},"end":{"line":35,"column":3}}},"2":{"name":"(anonymous_2)","decl":{"start":{"line":37,"column":12},"end":{"line":37,"column":15}},"loc":{"start":{"line":37,"column":17},"end":{"line":39,"column":3}}},"3":{"name":"(anonymous_3)","decl":{"start":{"line":41,"column":12},"end":{"line":41,"column":15}},"loc":{"start":{"line":41,"column":17},"end":{"line":48,"column":3}}},"4":{"name":"(anonymous_4)","decl":{"start":{"line":98,"column":5},"end":{"line":98,"column":6}},"loc":{"start":{"line":98,"column":15},"end":{"line":114,"column":1}}},"5":{"name":"(anonymous_5)","decl":{"start":{"line":116,"column":22},"end":{"line":116,"column":25}},"loc":{"start":{"line":117,"column":2},"end":{"line":123,"column":null}}}},"branchMap":{"0":{"loc":{"start":{"line":42,"column":4},"end":{"line":47,"column":5}},"type":"if","locations":[{"start":{"line":42,"column":4},"end":{"line":47,"column":5}},{"start":{"line":45,"column":11},"end":{"line":47,"column":5}}]},"1":{"loc":{"start":{"line":42,"column":8},"end":{"line":42,"column":38}},"type":"binary-expr","locations":[{"start":{"line":42,"column":8},"end":{"line":42,"column":20}},{"start":{"line":42,"column":24},"end":{"line":42,"column":38}}]},"2":{"loc":{"start":{"line":45,"column":11},"end":{"line":47,"column":5}},"type":"if","locations":[{"start":{"line":45,"column":11},"end":{"line":47,"column":5}},{"start":{},"end":{}}]},"3":{"loc":{"start":{"line":45,"column":15},"end":{"line":45,"column":44}},"type":"binary-expr","locations":[{"start":{"line":45,"column":15},"end":{"line":45,"column":26}},{"start":{"line":45,"column":30},"end":{"line":45,"column":44}}]},"4":{"loc":{"start":{"line":52,"column":2},"end":{"line":68,"column":3}},"type":"if","locations":[{"start":{"line":52,"column":2},"end":{"line":68,"column":3}},{"start":{},"end":{}}]},"5":{"loc":{"start":{"line":52,"column":6},"end":{"line":52,"column":59}},"type":"binary-expr","locations":[{"start":{"line":52,"column":6},"end":{"line":52,"column":19}},{"start":{"line":52,"column":24},"end":{"line":52,"column":35}},{"start":{"line":52,"column":39},"end":{"line":52,"column":58}}]},"6":{"loc":{"start":{"line":57,"column":15},"end":{"line":59,"column":37}},"type":"cond-expr","locations":[{"start":{"line":58,"column":10},"end":{"line":58,"column":32}},{"start":{"line":59,"column":10},"end":{"line":59,"column":37}}]},"7":{"loc":{"start":{"line":64,"column":10},"end":{"line":64,"column":78}},"type":"cond-expr","locations":[{"start":{"line":64,"column":26},"end":{"line":64,"column":48}},{"start":{"line":64,"column":51},"end":{"line":64,"column":78}}]},"8":{"loc":{"start":{"line":70,"column":2},"end":{"line":77,"column":3}},"type":"if","locations":[{"start":{"line":70,"column":2},"end":{"line":77,"column":3}},{"start":{},"end":{}}]},"9":{"loc":{"start":{"line":105,"column":2},"end":{"line":111,"column":3}},"type":"if","locations":[{"start":{"line":105,"column":2},"end":{"line":111,"column":3}},{"start":{},"end":{}}]},"10":{"loc":{"start":{"line":105,"column":6},"end":{"line":105,"column":45}},"type":"binary-expr","locations":[{"start":{"line":105,"column":6},"end":{"line":105,"column":30}},{"start":{"line":105,"column":34},"end":{"line":105,"column":45}}]}},"s":{"0":0,"1":0,"2":0,"3":0,"4":0,"5":0,"6":0,"7":0,"8":0,"9":0,"10":0,"11":0,"12":0,"13":0,"14":0,"15":0,"16":0,"17":0,"18":0,"19":0,"20":0,"21":0,"22":0,"23":0,"24":0,"25":0,"26":0,"27":0,"28":0,"29":0,"30":0,"31":0,"32":0,"33":0,"34":0},"f":{"0":0,"1":0,"2":0,"3":0,"4":0,"5":0},"b":{"0":[0,0],"1":[0,0],"2":[0,0],"3":[0,0],"4":[0,0],"5":[0,0,0],"6":[0,0],"7":[0,0],"8":[0,0],"9":[0,0],"10":[0,0]}}
,"/Users/chlins/Desktop/heure_C-1/src/i18n.ts": {"path":"/Users/chlins/Desktop/heure_C-1/src/i18n.ts","statementMap":{"0":{"start":{"line":5,"column":0},"end":{"line":17,"column":3}}},"fnMap":{},"branchMap":{},"s":{"0":0},"f":{},"b":{}}
,"/Users/chlins/Desktop/heure_C-1/src/collections/DailyLogCollection.ts": {"path":"/Users/chlins/Desktop/heure_C-1/src/collections/DailyLogCollection.ts","statementMap":{"0":{"start":{"line":5,"column":10},"end":{"line":5,"column":null}},"1":{"start":{"line":8,"column":4},"end":{"line":8,"column":28}},"2":{"start":{"line":16,"column":4},"end":{"line":31,"column":5}},"3":{"start":{"line":17,"column":30},"end":{"line":23,"column":22}},"4":{"start":{"line":25,"column":6},"end":{"line":25,"column":29}},"5":{"start":{"line":25,"column":17},"end":{"line":25,"column":29}},"6":{"start":{"line":27,"column":6},"end":{"line":27,"column":63}},"7":{"start":{"line":27,"column":44},"end":{"line":27,"column":61}},"8":{"start":{"line":29,"column":6},"end":{"line":29,"column":66}},"9":{"start":{"line":30,"column":6},"end":{"line":30,"column":18}},"10":{"start":{"line":39,"column":4},"end":{"line":54,"column":5}},"11":{"start":{"line":40,"column":30},"end":{"line":46,"column":22}},"12":{"start":{"line":48,"column":6},"end":{"line":48,"column":29}},"13":{"start":{"line":48,"column":17},"end":{"line":48,"column":29}},"14":{"start":{"line":50,"column":6},"end":{"line":50,"column":63}},"15":{"start":{"line":50,"column":44},"end":{"line":50,"column":61}},"16":{"start":{"line":52,"column":6},"end":{"line":52,"column":66}},"17":{"start":{"line":53,"column":6},"end":{"line":53,"column":18}},"18":{"start":{"line":58,"column":4},"end":{"line":58,"column":21}},"19":{"start":{"line":62,"column":4},"end":{"line":62,"column":54}},"20":{"start":{"line":62,"column":35},"end":{"line":62,"column":52}},"21":{"start":{"line":66,"column":4},"end":{"line":66,"column":56}},"22":{"start":{"line":66,"column":37},"end":{"line":66,"column":54}},"23":{"start":{"line":70,"column":4},"end":{"line":82,"column":5}},"24":{"start":{"line":71,"column":24},"end":{"line":73,"column":29}},"25":{"start":{"line":75,"column":6},"end":{"line":75,"column":29}},"26":{"start":{"line":75,"column":17},"end":{"line":75,"column":29}},"27":{"start":{"line":77,"column":6},"end":{"line":77,"column":26}},"28":{"start":{"line":78,"column":6},"end":{"line":78,"column":22}},"29":{"start":{"line":80,"column":6},"end":{"line":80,"column":58}},"30":{"start":{"line":81,"column":6},"end":{"line":81,"column":18}},"31":{"start":{"line":86,"column":4},"end":{"line":101,"column":5}},"32":{"start":{"line":87,"column":24},"end":{"line":90,"column":25}},"33":{"start":{"line":92,"column":6},"end":{"line":92,"column":29}},"34":{"start":{"line":92,"column":17},"end":{"line":92,"column":29}},"35":{"start":{"line":94,"column":20},"end":{"line":94,"column":63}},"36":{"start":{"line":94,"column":47},"end":{"line":94,"column":62}},"37":{"start":{"line":95,"column":6},"end":{"line":97,"column":7}},"38":{"start":{"line":96,"column":8},"end":{"line":96,"column":31}},"39":{"start":{"line":99,"column":6},"end":{"line":99,"column":58}},"40":{"start":{"line":100,"column":6},"end":{"line":100,"column":18}},"41":{"start":{"line":105,"column":4},"end":{"line":117,"column":5}},"42":{"start":{"line":106,"column":24},"end":{"line":109,"column":24}},"43":{"start":{"line":111,"column":6},"end":{"line":111,"column":29}},"44":{"start":{"line":111,"column":17},"end":{"line":111,"column":29}},"45":{"start":{"line":113,"column":6},"end":{"line":113,"column":58}},"46":{"start":{"line":113,"column":42},"end":{"line":113,"column":56}},"47":{"start":{"line":115,"column":6},"end":{"line":115,"column":56}},"48":{"start":{"line":116,"column":6},"end":{"line":116,"column":18}},"49":{"start":{"line":121,"column":4},"end":{"line":121,"column":59}},"50":{"start":{"line":121,"column":29},"end":{"line":121,"column":57}},"51":{"start":{"line":125,"column":4},"end":{"line":125,"column":71}},"52":{"start":{"line":125,"column":44},"end":{"line":125,"column":66}},"53":{"start":{"line":129,"column":4},"end":{"line":129,"column":61}},"54":{"start":{"line":129,"column":37},"end":{"line":129,"column":52}},"55":{"start":{"line":133,"column":4},"end":{"line":139,"column":6}},"56":{"start":{"line":135,"column":8},"end":{"line":135,"column":62}},"57":{"start":{"line":136,"column":8},"end":{"line":136,"column":19}},"58":{"start":{"line":143,"column":21},"end":{"line":143,"column":44}},"59":{"start":{"line":144,"column":4},"end":{"line":144,"column":62}},"60":{"start":{"line":148,"column":4},"end":{"line":148,"column":56}},"61":{"start":{"line":148,"column":37},"end":{"line":148,"column":54}},"62":{"start":{"line":152,"column":4},"end":{"line":173,"column":5}},"63":{"start":{"line":153,"column":24},"end":{"line":155,"column":48}},"64":{"start":{"line":155,"column":34},"end":{"line":155,"column":46}},"65":{"start":{"line":157,"column":6},"end":{"line":157,"column":29}},"66":{"start":{"line":157,"column":17},"end":{"line":157,"column":29}},"67":{"start":{"line":160,"column":6},"end":{"line":167,"column":9}},"68":{"start":{"line":161,"column":22},"end":{"line":161,"column":65}},"69":{"start":{"line":161,"column":49},"end":{"line":161,"column":64}},"70":{"start":{"line":162,"column":8},"end":{"line":166,"column":9}},"71":{"start":{"line":163,"column":10},"end":{"line":163,"column":33}},"72":{"start":{"line":165,"column":10},"end":{"line":165,"column":30}},"73":{"start":{"line":169,"column":6},"end":{"line":169,"column":22}},"74":{"start":{"line":171,"column":6},"end":{"line":171,"column":67}},"75":{"start":{"line":172,"column":6},"end":{"line":172,"column":18}}},"fnMap":{"0":{"name":"(anonymous_0)","decl":{"start":{"line":7,"column":2},"end":{"line":7,"column":14}},"loc":{"start":{"line":7,"column":42},"end":{"line":9,"column":3}}},"1":{"name":"(anonymous_1)","decl":{"start":{"line":11,"column":2},"end":{"line":11,"column":7}},"loc":{"start":{"line":14,"column":17},"end":{"line":32,"column":3}}},"2":{"name":"(anonymous_2)","decl":{"start":{"line":27,"column":35},"end":{"line":27,"column":36}},"loc":{"start":{"line":27,"column":44},"end":{"line":27,"column":61}}},"3":{"name":"(anonymous_3)","decl":{"start":{"line":34,"column":2},"end":{"line":34,"column":7}},"loc":{"start":{"line":37,"column":19},"end":{"line":55,"column":3}}},"4":{"name":"(anonymous_4)","decl":{"start":{"line":50,"column":35},"end":{"line":50,"column":36}},"loc":{"start":{"line":50,"column":44},"end":{"line":50,"column":61}}},"5":{"name":"(anonymous_5)","decl":{"start":{"line":57,"column":2},"end":{"line":57,"column":8}},"loc":{"start":{"line":57,"column":8},"end":{"line":59,"column":3}}},"6":{"name":"(anonymous_6)","decl":{"start":{"line":61,"column":2},"end":{"line":61,"column":11}},"loc":{"start":{"line":61,"column":24},"end":{"line":63,"column":3}}},"7":{"name":"(anonymous_7)","decl":{"start":{"line":62,"column":26},"end":{"line":62,"column":27}},"loc":{"start":{"line":62,"column":35},"end":{"line":62,"column":52}}},"8":{"name":"(anonymous_8)","decl":{"start":{"line":65,"column":2},"end":{"line":65,"column":11}},"loc":{"start":{"line":65,"column":27},"end":{"line":67,"column":3}}},"9":{"name":"(anonymous_9)","decl":{"start":{"line":66,"column":28},"end":{"line":66,"column":29}},"loc":{"start":{"line":66,"column":37},"end":{"line":66,"column":54}}},"10":{"name":"(anonymous_10)","decl":{"start":{"line":69,"column":2},"end":{"line":69,"column":7}},"loc":{"start":{"line":69,"column":25},"end":{"line":83,"column":3}}},"11":{"name":"(anonymous_11)","decl":{"start":{"line":85,"column":2},"end":{"line":85,"column":7}},"loc":{"start":{"line":85,"column":28},"end":{"line":102,"column":3}}},"12":{"name":"(anonymous_12)","decl":{"start":{"line":94,"column":40},"end":{"line":94,"column":41}},"loc":{"start":{"line":94,"column":47},"end":{"line":94,"column":62}}},"13":{"name":"(anonymous_13)","decl":{"start":{"line":104,"column":2},"end":{"line":104,"column":7}},"loc":{"start":{"line":104,"column":28},"end":{"line":118,"column":3}}},"14":{"name":"(anonymous_14)","decl":{"start":{"line":113,"column":35},"end":{"line":113,"column":36}},"loc":{"start":{"line":113,"column":42},"end":{"line":113,"column":56}}},"15":{"name":"(anonymous_15)","decl":{"start":{"line":120,"column":10},"end":{"line":120,"column":18}},"loc":{"start":{"line":120,"column":18},"end":{"line":122,"column":3}}},"16":{"name":"(anonymous_16)","decl":{"start":{"line":121,"column":19},"end":{"line":121,"column":20}},"loc":{"start":{"line":121,"column":29},"end":{"line":121,"column":57}}},"17":{"name":"(anonymous_17)","decl":{"start":{"line":124,"column":2},"end":{"line":124,"column":15}},"loc":{"start":{"line":124,"column":15},"end":{"line":126,"column":3}}},"18":{"name":"(anonymous_18)","decl":{"start":{"line":125,"column":28},"end":{"line":125,"column":29}},"loc":{"start":{"line":125,"column":44},"end":{"line":125,"column":66}}},"19":{"name":"(anonymous_19)","decl":{"start":{"line":128,"column":2},"end":{"line":128,"column":18}},"loc":{"start":{"line":128,"column":18},"end":{"line":130,"column":3}}},"20":{"name":"(anonymous_20)","decl":{"start":{"line":129,"column":28},"end":{"line":129,"column":29}},"loc":{"start":{"line":129,"column":37},"end":{"line":129,"column":52}}},"21":{"name":"(anonymous_21)","decl":{"start":{"line":132,"column":2},"end":{"line":132,"column":20}},"loc":{"start":{"line":132,"column":20},"end":{"line":140,"column":3}}},"22":{"name":"(anonymous_22)","decl":{"start":{"line":134,"column":6},"end":{"line":134,"column":7}},"loc":{"start":{"line":134,"column":19},"end":{"line":137,"column":7}}},"23":{"name":"(anonymous_23)","decl":{"start":{"line":142,"column":2},"end":{"line":142,"column":22}},"loc":{"start":{"line":142,"column":22},"end":{"line":145,"column":3}}},"24":{"name":"(anonymous_24)","decl":{"start":{"line":147,"column":2},"end":{"line":147,"column":22}},"loc":{"start":{"line":147,"column":22},"end":{"line":149,"column":3}}},"25":{"name":"(anonymous_25)","decl":{"start":{"line":148,"column":28},"end":{"line":148,"column":29}},"loc":{"start":{"line":148,"column":37},"end":{"line":148,"column":54}}},"26":{"name":"(anonymous_26)","decl":{"start":{"line":151,"column":2},"end":{"line":151,"column":7}},"loc":{"start":{"line":151,"column":35},"end":{"line":174,"column":3}}},"27":{"name":"(anonymous_27)","decl":{"start":{"line":155,"column":25},"end":{"line":155,"column":26}},"loc":{"start":{"line":155,"column":34},"end":{"line":155,"column":46}}},"28":{"name":"(anonymous_28)","decl":{"start":{"line":160,"column":19},"end":{"line":160,"column":20}},"loc":{"start":{"line":160,"column":27},"end":{"line":167,"column":7}}},"29":{"name":"(anonymous_29)","decl":{"start":{"line":161,"column":42},"end":{"line":161,"column":43}},"loc":{"start":{"line":161,"column":49},"end":{"line":161,"column":64}}}},"branchMap":{"0":{"loc":{"start":{"line":7,"column":14},"end":{"line":7,"column":42}},"type":"default-arg","locations":[{"start":{"line":7,"column":40},"end":{"line":7,"column":42}}]},"1":{"loc":{"start":{"line":25,"column":6},"end":{"line":25,"column":29}},"type":"if","locations":[{"start":{"line":25,"column":6},"end":{"line":25,"column":29}},{"start":{},"end":{}}]},"2":{"loc":{"start":{"line":27,"column":19},"end":{"line":27,"column":29}},"type":"binary-expr","locations":[{"start":{"line":27,"column":19},"end":{"line":27,"column":23}},{"start":{"line":27,"column":27},"end":{"line":27,"column":29}}]},"3":{"loc":{"start":{"line":48,"column":6},"end":{"line":48,"column":29}},"type":"if","locations":[{"start":{"line":48,"column":6},"end":{"line":48,"column":29}},{"start":{},"end":{}}]},"4":{"loc":{"start":{"line":50,"column":19},"end":{"line":50,"column":29}},"type":"binary-expr","locations":[{"start":{"line":50,"column":19},"end":{"line":50,"column":23}},{"start":{"line":50,"column":27},"end":{"line":50,"column":29}}]},"5":{"loc":{"start":{"line":75,"column":6},"end":{"line":75,"column":29}},"type":"if","locations":[{"start":{"line":75,"column":6},"end":{"line":75,"column":29}},{"start":{},"end":{}}]},"6":{"loc":{"start":{"line":92,"column":6},"end":{"line":92,"column":29}},"type":"if","locations":[{"start":{"line":92,"column":6},"end":{"line":92,"column":29}},{"start":{},"end":{}}]},"7":{"loc":{"start":{"line":95,"column":6},"end":{"line":97,"column":7}},"type":"if","locations":[{"start":{"line":95,"column":6},"end":{"line":97,"column":7}},{"start":{},"end":{}}]},"8":{"loc":{"start":{"line":111,"column":6},"end":{"line":111,"column":29}},"type":"if","locations":[{"start":{"line":111,"column":6},"end":{"line":111,"column":29}},{"start":{},"end":{}}]},"9":{"loc":{"start":{"line":135,"column":25},"end":{"line":135,"column":43}},"type":"binary-expr","locations":[{"start":{"line":135,"column":25},"end":{"line":135,"column":38}},{"start":{"line":135,"column":42},"end":{"line":135,"column":43}}]},"10":{"loc":{"start":{"line":144,"column":11},"end":{"line":144,"column":61}},"type":"cond-expr","locations":[{"start":{"line":144,"column":26},"end":{"line":144,"column":57}},{"start":{"line":144,"column":60},"end":{"line":144,"column":61}}]},"11":{"loc":{"start":{"line":157,"column":6},"end":{"line":157,"column":29}},"type":"if","locations":[{"start":{"line":157,"column":6},"end":{"line":157,"column":29}},{"start":{},"end":{}}]},"12":{"loc":{"start":{"line":162,"column":8},"end":{"line":166,"column":9}},"type":"if","locations":[{"start":{"line":162,"column":8},"end":{"line":166,"column":9}},{"start":{"line":164,"column":15},"end":{"line":166,"column":9}}]}},"s":{"0":0,"1":0,"2":0,"3":0,"4":0,"5":0,"6":0,"7":0,"8":0,"9":0,"10":0,"11":0,"12":0,"13":0,"14":0,"15":0,"16":0,"17":0,"18":0,"19":0,"20":0,"21":0,"22":0,"23":0,"24":0,"25":0,"26":0,"27":0,"28":0,"29":0,"30":0,"31":0,"32":0,"33":0,"34":0,"35":0,"36":0,"37":0,"38":0,"39":0,"40":0,"41":0,"42":0,"43":0,"44":0,"45":0,"46":0,"47":0,"48":0,"49":0,"50":0,"51":0,"52":0,"53":0,"54":0,"55":0,"56":0,"57":0,"58":0,"59":0,"60":0,"61":0,"62":0,"63":0,"64":0,"65":0,"66":0,"67":0,"68":0,"69":0,"70":0,"71":0,"72":0,"73":0,"74":0,"75":0},"f":{"0":0,"1":0,"2":0,"3":0,"4":0,"5":0,"6":0,"7":0,"8":0,"9":0,"10":0,"11":0,"12":0,"13":0,"14":0,"15":0,"16":0,"17":0,"18":0,"19":0,"20":0,"21":0,"22":0,"23":0,"24":0,"25":0,"26":0,"27":0,"28":0,"29":0},"b":{"0":[0],"1":[0,0],"2":[0,0],"3":[0,0],"4":[0,0],"5":[0,0],"6":[0,0],"7":[0,0],"8":[0,0],"9":[0,0],"10":[0,0],"11":[0,0],"12":[0,0]}}
,"/Users/chlins/Desktop/heure_C-1/src/collections/EmployeeCollection.ts": {"path":"/Users/chlins/Desktop/heure_C-1/src/collections/EmployeeCollection.ts","statementMap":{"0":{"start":{"line":5,"column":10},"end":{"line":5,"column":null}},"1":{"start":{"line":8,"column":4},"end":{"line":8,"column":38}},"2":{"start":{"line":12,"column":4},"end":{"line":24,"column":5}},"3":{"start":{"line":13,"column":30},"end":{"line":16,"column":22}},"4":{"start":{"line":18,"column":6},"end":{"line":18,"column":29}},"5":{"start":{"line":18,"column":17},"end":{"line":18,"column":29}},"6":{"start":{"line":20,"column":6},"end":{"line":20,"column":68}},"7":{"start":{"line":20,"column":49},"end":{"line":20,"column":66}},"8":{"start":{"line":22,"column":6},"end":{"line":22,"column":61}},"9":{"start":{"line":23,"column":6},"end":{"line":23,"column":18}},"10":{"start":{"line":28,"column":4},"end":{"line":41,"column":5}},"11":{"start":{"line":29,"column":30},"end":{"line":33,"column":22}},"12":{"start":{"line":35,"column":6},"end":{"line":35,"column":29}},"13":{"start":{"line":35,"column":17},"end":{"line":35,"column":29}},"14":{"start":{"line":37,"column":6},"end":{"line":37,"column":68}},"15":{"start":{"line":37,"column":49},"end":{"line":37,"column":66}},"16":{"start":{"line":39,"column":6},"end":{"line":39,"column":71}},"17":{"start":{"line":40,"column":6},"end":{"line":40,"column":18}},"18":{"start":{"line":45,"column":4},"end":{"line":45,"column":26}},"19":{"start":{"line":49,"column":4},"end":{"line":49,"column":55}},"20":{"start":{"line":49,"column":40},"end":{"line":49,"column":53}},"21":{"start":{"line":53,"column":4},"end":{"line":53,"column":57}},"22":{"start":{"line":53,"column":42},"end":{"line":53,"column":55}},"23":{"start":{"line":57,"column":4},"end":{"line":57,"column":58}},"24":{"start":{"line":57,"column":42},"end":{"line":57,"column":56}},"25":{"start":{"line":61,"column":4},"end":{"line":72,"column":5}},"26":{"start":{"line":62,"column":24},"end":{"line":64,"column":34}},"27":{"start":{"line":66,"column":6},"end":{"line":66,"column":29}},"28":{"start":{"line":66,"column":17},"end":{"line":66,"column":29}},"29":{"start":{"line":68,"column":6},"end":{"line":68,"column":36}},"30":{"start":{"line":70,"column":6},"end":{"line":70,"column":61}},"31":{"start":{"line":71,"column":6},"end":{"line":71,"column":18}},"32":{"start":{"line":76,"column":4},"end":{"line":91,"column":5}},"33":{"start":{"line":77,"column":24},"end":{"line":80,"column":30}},"34":{"start":{"line":82,"column":6},"end":{"line":82,"column":29}},"35":{"start":{"line":82,"column":17},"end":{"line":82,"column":29}},"36":{"start":{"line":84,"column":20},"end":{"line":84,"column":77}},"37":{"start":{"line":84,"column":54},"end":{"line":84,"column":76}},"38":{"start":{"line":85,"column":6},"end":{"line":87,"column":7}},"39":{"start":{"line":86,"column":8},"end":{"line":86,"column":41}},"40":{"start":{"line":89,"column":6},"end":{"line":89,"column":61}},"41":{"start":{"line":90,"column":6},"end":{"line":90,"column":18}},"42":{"start":{"line":95,"column":4},"end":{"line":107,"column":5}},"43":{"start":{"line":96,"column":24},"end":{"line":99,"column":29}},"44":{"start":{"line":101,"column":6},"end":{"line":101,"column":29}},"45":{"start":{"line":101,"column":17},"end":{"line":101,"column":29}},"46":{"start":{"line":103,"column":6},"end":{"line":103,"column":77}},"47":{"start":{"line":103,"column":54},"end":{"line":103,"column":75}},"48":{"start":{"line":105,"column":6},"end":{"line":105,"column":59}},"49":{"start":{"line":106,"column":6},"end":{"line":106,"column":18}},"50":{"start":{"line":111,"column":17},"end":{"line":111,"column":41}},"51":{"start":{"line":112,"column":4},"end":{"line":117,"column":6}},"52":{"start":{"line":114,"column":8},"end":{"line":116,"column":67}},"53":{"start":{"line":121,"column":4},"end":{"line":124,"column":6}},"54":{"start":{"line":128,"column":4},"end":{"line":132,"column":6}}},"fnMap":{"0":{"name":"(anonymous_0)","decl":{"start":{"line":7,"column":2},"end":{"line":7,"column":14}},"loc":{"start":{"line":7,"column":47},"end":{"line":9,"column":3}}},"1":{"name":"(anonymous_1)","decl":{"start":{"line":11,"column":2},"end":{"line":11,"column":7}},"loc":{"start":{"line":11,"column":15},"end":{"line":25,"column":3}}},"2":{"name":"(anonymous_2)","decl":{"start":{"line":20,"column":40},"end":{"line":20,"column":41}},"loc":{"start":{"line":20,"column":49},"end":{"line":20,"column":66}}},"3":{"name":"(anonymous_3)","decl":{"start":{"line":27,"column":2},"end":{"line":27,"column":7}},"loc":{"start":{"line":27,"column":39},"end":{"line":42,"column":3}}},"4":{"name":"(anonymous_4)","decl":{"start":{"line":37,"column":40},"end":{"line":37,"column":41}},"loc":{"start":{"line":37,"column":49},"end":{"line":37,"column":66}}},"5":{"name":"(anonymous_5)","decl":{"start":{"line":44,"column":2},"end":{"line":44,"column":8}},"loc":{"start":{"line":44,"column":8},"end":{"line":46,"column":3}}},"6":{"name":"(anonymous_6)","decl":{"start":{"line":48,"column":2},"end":{"line":48,"column":9}},"loc":{"start":{"line":48,"column":20},"end":{"line":50,"column":3}}},"7":{"name":"(anonymous_7)","decl":{"start":{"line":49,"column":31},"end":{"line":49,"column":32}},"loc":{"start":{"line":49,"column":40},"end":{"line":49,"column":53}}},"8":{"name":"(anonymous_8)","decl":{"start":{"line":52,"column":2},"end":{"line":52,"column":11}},"loc":{"start":{"line":52,"column":11},"end":{"line":54,"column":3}}},"9":{"name":"(anonymous_9)","decl":{"start":{"line":53,"column":33},"end":{"line":53,"column":34}},"loc":{"start":{"line":53,"column":42},"end":{"line":53,"column":55}}},"10":{"name":"(anonymous_10)","decl":{"start":{"line":56,"column":2},"end":{"line":56,"column":17}},"loc":{"start":{"line":56,"column":17},"end":{"line":58,"column":3}}},"11":{"name":"(anonymous_11)","decl":{"start":{"line":57,"column":33},"end":{"line":57,"column":34}},"loc":{"start":{"line":57,"column":42},"end":{"line":57,"column":56}}},"12":{"name":"(anonymous_12)","decl":{"start":{"line":60,"column":2},"end":{"line":60,"column":7}},"loc":{"start":{"line":60,"column":30},"end":{"line":73,"column":3}}},"13":{"name":"(anonymous_13)","decl":{"start":{"line":75,"column":2},"end":{"line":75,"column":7}},"loc":{"start":{"line":75,"column":33},"end":{"line":92,"column":3}}},"14":{"name":"(anonymous_14)","decl":{"start":{"line":84,"column":45},"end":{"line":84,"column":46}},"loc":{"start":{"line":84,"column":54},"end":{"line":84,"column":76}}},"15":{"name":"(anonymous_15)","decl":{"start":{"line":94,"column":2},"end":{"line":94,"column":7}},"loc":{"start":{"line":94,"column":33},"end":{"line":108,"column":3}}},"16":{"name":"(anonymous_16)","decl":{"start":{"line":103,"column":45},"end":{"line":103,"column":46}},"loc":{"start":{"line":103,"column":54},"end":{"line":103,"column":75}}},"17":{"name":"(anonymous_17)","decl":{"start":{"line":110,"column":2},"end":{"line":110,"column":20}},"loc":{"start":{"line":110,"column":39},"end":{"line":118,"column":3}}},"18":{"name":"(anonymous_18)","decl":{"start":{"line":113,"column":6},"end":{"line":113,"column":7}},"loc":{"start":{"line":114,"column":8},"end":{"line":116,"column":67}}},"19":{"name":"(anonymous_19)","decl":{"start":{"line":120,"column":2},"end":{"line":120,"column":13}},"loc":{"start":{"line":120,"column":13},"end":{"line":125,"column":3}}},"20":{"name":"(anonymous_20)","decl":{"start":{"line":127,"column":2},"end":{"line":127,"column":15}},"loc":{"start":{"line":127,"column":15},"end":{"line":133,"column":3}}}},"branchMap":{"0":{"loc":{"start":{"line":7,"column":14},"end":{"line":7,"column":47}},"type":"default-arg","locations":[{"start":{"line":7,"column":45},"end":{"line":7,"column":47}}]},"1":{"loc":{"start":{"line":18,"column":6},"end":{"line":18,"column":29}},"type":"if","locations":[{"start":{"line":18,"column":6},"end":{"line":18,"column":29}},{"start":{},"end":{}}]},"2":{"loc":{"start":{"line":20,"column":24},"end":{"line":20,"column":34}},"type":"binary-expr","locations":[{"start":{"line":20,"column":24},"end":{"line":20,"column":28}},{"start":{"line":20,"column":32},"end":{"line":20,"column":34}}]},"3":{"loc":{"start":{"line":35,"column":6},"end":{"line":35,"column":29}},"type":"if","locations":[{"start":{"line":35,"column":6},"end":{"line":35,"column":29}},{"start":{},"end":{}}]},"4":{"loc":{"start":{"line":37,"column":24},"end":{"line":37,"column":34}},"type":"binary-expr","locations":[{"start":{"line":37,"column":24},"end":{"line":37,"column":28}},{"start":{"line":37,"column":32},"end":{"line":37,"column":34}}]},"5":{"loc":{"start":{"line":66,"column":6},"end":{"line":66,"column":29}},"type":"if","locations":[{"start":{"line":66,"column":6},"end":{"line":66,"column":29}},{"start":{},"end":{}}]},"6":{"loc":{"start":{"line":82,"column":6},"end":{"line":82,"column":29}},"type":"if","locations":[{"start":{"line":82,"column":6},"end":{"line":82,"column":29}},{"start":{},"end":{}}]},"7":{"loc":{"start":{"line":85,"column":6},"end":{"line":87,"column":7}},"type":"if","locations":[{"start":{"line":85,"column":6},"end":{"line":87,"column":7}},{"start":{},"end":{}}]},"8":{"loc":{"start":{"line":101,"column":6},"end":{"line":101,"column":29}},"type":"if","locations":[{"start":{"line":101,"column":6},"end":{"line":101,"column":29}},{"start":{},"end":{}}]},"9":{"loc":{"start":{"line":114,"column":8},"end":{"line":116,"column":67}},"type":"binary-expr","locations":[{"start":{"line":114,"column":8},"end":{"line":114,"column":45}},{"start":{"line":115,"column":8},"end":{"line":115,"column":46}},{"start":{"line":116,"column":9},"end":{"line":116,"column":21}},{"start":{"line":116,"column":25},"end":{"line":116,"column":66}}]}},"s":{"0":0,"1":0,"2":0,"3":0,"4":0,"5":0,"6":0,"7":0,"8":0,"9":0,"10":0,"11":0,"12":0,"13":0,"14":0,"15":0,"16":0,"17":0,"18":0,"19":0,"20":0,"21":0,"22":0,"23":0,"24":0,"25":0,"26":0,"27":0,"28":0,"29":0,"30":0,"31":0,"32":0,"33":0,"34":0,"35":0,"36":0,"37":0,"38":0,"39":0,"40":0,"41":0,"42":0,"43":0,"44":0,"45":0,"46":0,"47":0,"48":0,"49":0,"50":0,"51":0,"52":0,"53":0,"54":0},"f":{"0":0,"1":0,"2":0,"3":0,"4":0,"5":0,"6":0,"7":0,"8":0,"9":0,"10":0,"11":0,"12":0,"13":0,"14":0,"15":0,"16":0,"17":0,"18":0,"19":0,"20":0},"b":{"0":[0],"1":[0,0],"2":[0,0],"3":[0,0],"4":[0,0],"5":[0,0],"6":[0,0],"7":[0,0],"8":[0,0],"9":[0,0,0,0]}}
,"/Users/chlins/Desktop/heure_C-1/src/collections/GlobalSettingsCollection.ts": {"path":"/Users/chlins/Desktop/heure_C-1/src/collections/GlobalSettingsCollection.ts","statementMap":{"0":{"start":{"line":5,"column":10},"end":{"line":5,"column":null}},"1":{"start":{"line":8,"column":4},"end":{"line":8,"column":70}},"2":{"start":{"line":12,"column":4},"end":{"line":34,"column":5}},"3":{"start":{"line":13,"column":30},"end":{"line":16,"column":17}},"4":{"start":{"line":18,"column":6},"end":{"line":30,"column":7}},"5":{"start":{"line":19,"column":8},"end":{"line":27,"column":9}},"6":{"start":{"line":22,"column":34},"end":{"line":22,"column":64}},"7":{"start":{"line":23,"column":10},"end":{"line":23,"column":43}},"8":{"start":{"line":24,"column":10},"end":{"line":24,"column":42}},"9":{"start":{"line":26,"column":10},"end":{"line":26,"column":22}},"10":{"start":{"line":29,"column":8},"end":{"line":29,"column":49}},"11":{"start":{"line":32,"column":6},"end":{"line":32,"column":70}},"12":{"start":{"line":33,"column":6},"end":{"line":33,"column":18}},"13":{"start":{"line":38,"column":4},"end":{"line":49,"column":5}},"14":{"start":{"line":39,"column":24},"end":{"line":41,"column":34}},"15":{"start":{"line":43,"column":6},"end":{"line":43,"column":29}},"16":{"start":{"line":43,"column":17},"end":{"line":43,"column":29}},"17":{"start":{"line":45,"column":6},"end":{"line":45,"column":31}},"18":{"start":{"line":47,"column":6},"end":{"line":47,"column":68}},"19":{"start":{"line":48,"column":6},"end":{"line":48,"column":18}},"20":{"start":{"line":53,"column":4},"end":{"line":53,"column":25}},"21":{"start":{"line":57,"column":4},"end":{"line":57,"column":31}},"22":{"start":{"line":58,"column":4},"end":{"line":58,"column":35}},"23":{"start":{"line":62,"column":28},"end":{"line":62,"column":58}},"24":{"start":{"line":63,"column":4},"end":{"line":63,"column":37}},"25":{"start":{"line":76,"column":18},"end":{"line":76,"column":28}},"26":{"start":{"line":77,"column":27},"end":{"line":78,"column":null}},"27":{"start":{"line":80,"column":4},"end":{"line":85,"column":5}},"28":{"start":{"line":81,"column":6},"end":{"line":84,"column":8}},"29":{"start":{"line":89,"column":6},"end":{"line":91,"column":11}},"30":{"start":{"line":92,"column":4},"end":{"line":97,"column":5}},"31":{"start":{"line":93,"column":6},"end":{"line":96,"column":8}},"32":{"start":{"line":99,"column":4},"end":{"line":99,"column":29}},"33":{"start":{"line":103,"column":4},"end":{"line":105,"column":5}},"34":{"start":{"line":104,"column":6},"end":{"line":104,"column":19}},"35":{"start":{"line":107,"column":18},"end":{"line":107,"column":28}},"36":{"start":{"line":108,"column":27},"end":{"line":109,"column":null}},"37":{"start":{"line":112,"column":6},"end":{"line":114,"column":11}},"38":{"start":{"line":116,"column":4},"end":{"line":119,"column":6}},"39":{"start":{"line":124,"column":4},"end":{"line":124,"column":47}},"40":{"start":{"line":128,"column":4},"end":{"line":131,"column":6}},"41":{"start":{"line":135,"column":4},"end":{"line":135,"column":57}},"42":{"start":{"line":139,"column":4},"end":{"line":139,"column":51}}},"fnMap":{"0":{"name":"(anonymous_0)","decl":{"start":{"line":7,"column":2},"end":{"line":7,"column":14}},"loc":{"start":{"line":7,"column":46},"end":{"line":9,"column":3}}},"1":{"name":"(anonymous_1)","decl":{"start":{"line":11,"column":2},"end":{"line":11,"column":7}},"loc":{"start":{"line":11,"column":12},"end":{"line":35,"column":3}}},"2":{"name":"(anonymous_2)","decl":{"start":{"line":37,"column":2},"end":{"line":37,"column":7}},"loc":{"start":{"line":37,"column":37},"end":{"line":50,"column":3}}},"3":{"name":"(anonymous_3)","decl":{"start":{"line":52,"column":2},"end":{"line":52,"column":5}},"loc":{"start":{"line":52,"column":5},"end":{"line":54,"column":3}}},"4":{"name":"(anonymous_4)","decl":{"start":{"line":56,"column":2},"end":{"line":56,"column":7}},"loc":{"start":{"line":56,"column":44},"end":{"line":59,"column":3}}},"5":{"name":"(anonymous_5)","decl":{"start":{"line":61,"column":2},"end":{"line":61,"column":7}},"loc":{"start":{"line":61,"column":13},"end":{"line":64,"column":3}}},"6":{"name":"(anonymous_6)","decl":{"start":{"line":67,"column":2},"end":{"line":67,"column":25}},"loc":{"start":{"line":70,"column":19},"end":{"line":100,"column":3}}},"7":{"name":"(anonymous_7)","decl":{"start":{"line":102,"column":2},"end":{"line":102,"column":19}},"loc":{"start":{"line":102,"column":50},"end":{"line":120,"column":3}}},"8":{"name":"(anonymous_8)","decl":{"start":{"line":122,"column":2},"end":{"line":122,"column":21}},"loc":{"start":{"line":122,"column":33},"end":{"line":125,"column":3}}},"9":{"name":"(anonymous_9)","decl":{"start":{"line":127,"column":2},"end":{"line":127,"column":32}},"loc":{"start":{"line":127,"column":50},"end":{"line":132,"column":3}}},"10":{"name":"(anonymous_10)","decl":{"start":{"line":134,"column":2},"end":{"line":134,"column":36}},"loc":{"start":{"line":134,"column":36},"end":{"line":136,"column":3}}},"11":{"name":"(anonymous_11)","decl":{"start":{"line":138,"column":2},"end":{"line":138,"column":25}},"loc":{"start":{"line":138,"column":25},"end":{"line":140,"column":3}}}},"branchMap":{"0":{"loc":{"start":{"line":8,"column":20},"end":{"line":8,"column":69}},"type":"binary-expr","locations":[{"start":{"line":8,"column":20},"end":{"line":8,"column":35}},{"start":{"line":8,"column":39},"end":{"line":8,"column":69}}]},"1":{"loc":{"start":{"line":18,"column":6},"end":{"line":30,"column":7}},"type":"if","locations":[{"start":{"line":18,"column":6},"end":{"line":30,"column":7}},{"start":{"line":28,"column":13},"end":{"line":30,"column":7}}]},"2":{"loc":{"start":{"line":19,"column":8},"end":{"line":27,"column":9}},"type":"if","locations":[{"start":{"line":19,"column":8},"end":{"line":27,"column":9}},{"start":{"line":25,"column":15},"end":{"line":27,"column":9}}]},"3":{"loc":{"start":{"line":43,"column":6},"end":{"line":43,"column":29}},"type":"if","locations":[{"start":{"line":43,"column":6},"end":{"line":43,"column":29}},{"start":{},"end":{}}]},"4":{"loc":{"start":{"line":80,"column":4},"end":{"line":85,"column":5}},"type":"if","locations":[{"start":{"line":80,"column":4},"end":{"line":85,"column":5}},{"start":{},"end":{}}]},"5":{"loc":{"start":{"line":92,"column":4},"end":{"line":97,"column":5}},"type":"if","locations":[{"start":{"line":92,"column":4},"end":{"line":97,"column":5}},{"start":{},"end":{}}]},"6":{"loc":{"start":{"line":103,"column":4},"end":{"line":105,"column":5}},"type":"if","locations":[{"start":{"line":103,"column":4},"end":{"line":105,"column":5}},{"start":{},"end":{}}]},"7":{"loc":{"start":{"line":117,"column":6},"end":{"line":118,"column":68}},"type":"binary-expr","locations":[{"start":{"line":117,"column":6},"end":{"line":117,"column":68}},{"start":{"line":118,"column":6},"end":{"line":118,"column":68}}]},"8":{"loc":{"start":{"line":129,"column":6},"end":{"line":130,"column":80}},"type":"binary-expr","locations":[{"start":{"line":129,"column":6},"end":{"line":129,"column":47}},{"start":{"line":130,"column":7},"end":{"line":130,"column":16}},{"start":{"line":130,"column":20},"end":{"line":130,"column":79}}]}},"s":{"0":0,"1":0,"2":0,"3":0,"4":0,"5":0,"6":0,"7":0,"8":0,"9":0,"10":0,"11":0,"12":0,"13":0,"14":0,"15":0,"16":0,"17":0,"18":0,"19":0,"20":0,"21":0,"22":0,"23":0,"24":0,"25":0,"26":0,"27":0,"28":0,"29":0,"30":0,"31":0,"32":0,"33":0,"34":0,"35":0,"36":0,"37":0,"38":0,"39":0,"40":0,"41":0,"42":0},"f":{"0":0,"1":0,"2":0,"3":0,"4":0,"5":0,"6":0,"7":0,"8":0,"9":0,"10":0,"11":0},"b":{"0":[0,0],"1":[0,0],"2":[0,0],"3":[0,0],"4":[0,0],"5":[0,0],"6":[0,0],"7":[0,0],"8":[0,0,0]}}
,"/Users/chlins/Desktop/heure_C-1/src/collections/HolidayCollection.ts": {"path":"/Users/chlins/Desktop/heure_C-1/src/collections/HolidayCollection.ts","statementMap":{"0":{"start":{"line":5,"column":10},"end":{"line":5,"column":null}},"1":{"start":{"line":8,"column":4},"end":{"line":8,"column":36}},"2":{"start":{"line":12,"column":4},"end":{"line":31,"column":5}},"3":{"start":{"line":13,"column":18},"end":{"line":17,"column":40}},"4":{"start":{"line":19,"column":6},"end":{"line":21,"column":7}},"5":{"start":{"line":20,"column":8},"end":{"line":20,"column":69}},"6":{"start":{"line":23,"column":30},"end":{"line":23,"column":41}},"7":{"start":{"line":25,"column":6},"end":{"line":25,"column":29}},"8":{"start":{"line":25,"column":17},"end":{"line":25,"column":29}},"9":{"start":{"line":27,"column":6},"end":{"line":27,"column":62}},"10":{"start":{"line":27,"column":46},"end":{"line":27,"column":60}},"11":{"start":{"line":29,"column":6},"end":{"line":29,"column":57}},"12":{"start":{"line":30,"column":6},"end":{"line":30,"column":18}},"13":{"start":{"line":35,"column":4},"end":{"line":47,"column":5}},"14":{"start":{"line":36,"column":30},"end":{"line":39,"column":22}},"15":{"start":{"line":41,"column":6},"end":{"line":41,"column":29}},"16":{"start":{"line":41,"column":17},"end":{"line":41,"column":29}},"17":{"start":{"line":43,"column":6},"end":{"line":43,"column":62}},"18":{"start":{"line":43,"column":46},"end":{"line":43,"column":60}},"19":{"start":{"line":45,"column":6},"end":{"line":45,"column":66}},"20":{"start":{"line":46,"column":6},"end":{"line":46,"column":18}},"21":{"start":{"line":51,"column":4},"end":{"line":51,"column":25}},"22":{"start":{"line":55,"column":4},"end":{"line":55,"column":57}},"23":{"start":{"line":55,"column":39},"end":{"line":55,"column":55}},"24":{"start":{"line":59,"column":4},"end":{"line":59,"column":79}},"25":{"start":{"line":59,"column":39},"end":{"line":59,"column":77}},"26":{"start":{"line":63,"column":4},"end":{"line":63,"column":53}},"27":{"start":{"line":63,"column":39},"end":{"line":63,"column":51}},"28":{"start":{"line":67,"column":4},"end":{"line":67,"column":55}},"29":{"start":{"line":67,"column":39},"end":{"line":67,"column":53}},"30":{"start":{"line":71,"column":4},"end":{"line":71,"column":53}},"31":{"start":{"line":71,"column":39},"end":{"line":71,"column":51}},"32":{"start":{"line":75,"column":4},"end":{"line":86,"column":5}},"33":{"start":{"line":76,"column":24},"end":{"line":78,"column":33}},"34":{"start":{"line":80,"column":6},"end":{"line":80,"column":29}},"35":{"start":{"line":80,"column":17},"end":{"line":80,"column":29}},"36":{"start":{"line":82,"column":6},"end":{"line":82,"column":34}},"37":{"start":{"line":84,"column":6},"end":{"line":84,"column":57}},"38":{"start":{"line":85,"column":6},"end":{"line":85,"column":18}},"39":{"start":{"line":90,"column":4},"end":{"line":105,"column":5}},"40":{"start":{"line":91,"column":24},"end":{"line":94,"column":29}},"41":{"start":{"line":96,"column":6},"end":{"line":96,"column":29}},"42":{"start":{"line":96,"column":17},"end":{"line":96,"column":29}},"43":{"start":{"line":98,"column":20},"end":{"line":98,"column":71}},"44":{"start":{"line":98,"column":51},"end":{"line":98,"column":70}},"45":{"start":{"line":99,"column":6},"end":{"line":101,"column":7}},"46":{"start":{"line":100,"column":8},"end":{"line":100,"column":39}},"47":{"start":{"line":103,"column":6},"end":{"line":103,"column":57}},"48":{"start":{"line":104,"column":6},"end":{"line":104,"column":18}},"49":{"start":{"line":109,"column":4},"end":{"line":121,"column":5}},"50":{"start":{"line":110,"column":24},"end":{"line":113,"column":28}},"51":{"start":{"line":115,"column":6},"end":{"line":115,"column":29}},"52":{"start":{"line":115,"column":17},"end":{"line":115,"column":29}},"53":{"start":{"line":117,"column":6},"end":{"line":117,"column":70}},"54":{"start":{"line":117,"column":50},"end":{"line":117,"column":68}},"55":{"start":{"line":119,"column":6},"end":{"line":119,"column":55}},"56":{"start":{"line":120,"column":6},"end":{"line":120,"column":18}},"57":{"start":{"line":125,"column":4},"end":{"line":125,"column":76}},"58":{"start":{"line":125,"column":39},"end":{"line":125,"column":74}},"59":{"start":{"line":129,"column":4},"end":{"line":129,"column":80}},"60":{"start":{"line":129,"column":39},"end":{"line":129,"column":78}},"61":{"start":{"line":133,"column":4},"end":{"line":135,"column":6}},"62":{"start":{"line":134,"column":13},"end":{"line":134,"column":64}},"63":{"start":{"line":139,"column":25},"end":{"line":139,"column":45}},"64":{"start":{"line":140,"column":4},"end":{"line":146,"column":6}},"65":{"start":{"line":142,"column":43},"end":{"line":142,"column":55}},"66":{"start":{"line":143,"column":41},"end":{"line":143,"column":53}},"67":{"start":{"line":144,"column":43},"end":{"line":144,"column":57}},"68":{"start":{"line":145,"column":41},"end":{"line":145,"column":53}},"69":{"start":{"line":150,"column":52},"end":{"line":150,"column":54}},"70":{"start":{"line":151,"column":4},"end":{"line":153,"column":5}},"71":{"start":{"line":151,"column":21},"end":{"line":151,"column":22}},"72":{"start":{"line":152,"column":6},"end":{"line":152,"column":57}},"73":{"start":{"line":154,"column":4},"end":{"line":154,"column":24}}},"fnMap":{"0":{"name":"(anonymous_0)","decl":{"start":{"line":7,"column":2},"end":{"line":7,"column":14}},"loc":{"start":{"line":7,"column":45},"end":{"line":9,"column":3}}},"1":{"name":"(anonymous_1)","decl":{"start":{"line":11,"column":2},"end":{"line":11,"column":7}},"loc":{"start":{"line":11,"column":51},"end":{"line":32,"column":3}}},"2":{"name":"(anonymous_2)","decl":{"start":{"line":27,"column":39},"end":{"line":27,"column":40}},"loc":{"start":{"line":27,"column":46},"end":{"line":27,"column":60}}},"3":{"name":"(anonymous_3)","decl":{"start":{"line":34,"column":2},"end":{"line":34,"column":7}},"loc":{"start":{"line":34,"column":15},"end":{"line":48,"column":3}}},"4":{"name":"(anonymous_4)","decl":{"start":{"line":43,"column":39},"end":{"line":43,"column":40}},"loc":{"start":{"line":43,"column":46},"end":{"line":43,"column":60}}},"5":{"name":"(anonymous_5)","decl":{"start":{"line":50,"column":2},"end":{"line":50,"column":8}},"loc":{"start":{"line":50,"column":8},"end":{"line":52,"column":3}}},"6":{"name":"(anonymous_6)","decl":{"start":{"line":54,"column":2},"end":{"line":54,"column":11}},"loc":{"start":{"line":54,"column":24},"end":{"line":56,"column":3}}},"7":{"name":"(anonymous_7)","decl":{"start":{"line":55,"column":32},"end":{"line":55,"column":33}},"loc":{"start":{"line":55,"column":39},"end":{"line":55,"column":55}}},"8":{"name":"(anonymous_8)","decl":{"start":{"line":58,"column":2},"end":{"line":58,"column":12}},"loc":{"start":{"line":58,"column":40},"end":{"line":60,"column":3}}},"9":{"name":"(anonymous_9)","decl":{"start":{"line":59,"column":32},"end":{"line":59,"column":33}},"loc":{"start":{"line":59,"column":39},"end":{"line":59,"column":77}}},"10":{"name":"(anonymous_10)","decl":{"start":{"line":62,"column":2},"end":{"line":62,"column":19}},"loc":{"start":{"line":62,"column":19},"end":{"line":64,"column":3}}},"11":{"name":"(anonymous_11)","decl":{"start":{"line":63,"column":32},"end":{"line":63,"column":33}},"loc":{"start":{"line":63,"column":39},"end":{"line":63,"column":51}}},"12":{"name":"(anonymous_12)","decl":{"start":{"line":66,"column":2},"end":{"line":66,"column":21}},"loc":{"start":{"line":66,"column":21},"end":{"line":68,"column":3}}},"13":{"name":"(anonymous_13)","decl":{"start":{"line":67,"column":32},"end":{"line":67,"column":33}},"loc":{"start":{"line":67,"column":39},"end":{"line":67,"column":53}}},"14":{"name":"(anonymous_14)","decl":{"start":{"line":70,"column":2},"end":{"line":70,"column":19}},"loc":{"start":{"line":70,"column":19},"end":{"line":72,"column":3}}},"15":{"name":"(anonymous_15)","decl":{"start":{"line":71,"column":32},"end":{"line":71,"column":33}},"loc":{"start":{"line":71,"column":39},"end":{"line":71,"column":51}}},"16":{"name":"(anonymous_16)","decl":{"start":{"line":74,"column":2},"end":{"line":74,"column":7}},"loc":{"start":{"line":74,"column":28},"end":{"line":87,"column":3}}},"17":{"name":"(anonymous_17)","decl":{"start":{"line":89,"column":2},"end":{"line":89,"column":7}},"loc":{"start":{"line":89,"column":31},"end":{"line":106,"column":3}}},"18":{"name":"(anonymous_18)","decl":{"start":{"line":98,"column":44},"end":{"line":98,"column":45}},"loc":{"start":{"line":98,"column":51},"end":{"line":98,"column":70}}},"19":{"name":"(anonymous_19)","decl":{"start":{"line":108,"column":2},"end":{"line":108,"column":7}},"loc":{"start":{"line":108,"column":32},"end":{"line":122,"column":3}}},"20":{"name":"(anonymous_20)","decl":{"start":{"line":117,"column":43},"end":{"line":117,"column":44}},"loc":{"start":{"line":117,"column":50},"end":{"line":117,"column":68}}},"21":{"name":"(anonymous_21)","decl":{"start":{"line":124,"column":2},"end":{"line":124,"column":16}},"loc":{"start":{"line":124,"column":47},"end":{"line":126,"column":3}}},"22":{"name":"(anonymous_22)","decl":{"start":{"line":125,"column":32},"end":{"line":125,"column":33}},"loc":{"start":{"line":125,"column":39},"end":{"line":125,"column":74}}},"23":{"name":"(anonymous_23)","decl":{"start":{"line":128,"column":2},"end":{"line":128,"column":15}},"loc":{"start":{"line":128,"column":32},"end":{"line":130,"column":3}}},"24":{"name":"(anonymous_24)","decl":{"start":{"line":129,"column":32},"end":{"line":129,"column":33}},"loc":{"start":{"line":129,"column":39},"end":{"line":129,"column":78}}},"25":{"name":"(anonymous_25)","decl":{"start":{"line":132,"column":2},"end":{"line":132,"column":21}},"loc":{"start":{"line":132,"column":44},"end":{"line":136,"column":3}}},"26":{"name":"(anonymous_26)","decl":{"start":{"line":134,"column":6},"end":{"line":134,"column":7}},"loc":{"start":{"line":134,"column":13},"end":{"line":134,"column":64}}},"27":{"name":"(anonymous_27)","decl":{"start":{"line":138,"column":2},"end":{"line":138,"column":15}},"loc":{"start":{"line":138,"column":28},"end":{"line":147,"column":3}}},"28":{"name":"(anonymous_28)","decl":{"start":{"line":142,"column":36},"end":{"line":142,"column":37}},"loc":{"start":{"line":142,"column":43},"end":{"line":142,"column":55}}},"29":{"name":"(anonymous_29)","decl":{"start":{"line":143,"column":34},"end":{"line":143,"column":35}},"loc":{"start":{"line":143,"column":41},"end":{"line":143,"column":53}}},"30":{"name":"(anonymous_30)","decl":{"start":{"line":144,"column":36},"end":{"line":144,"column":37}},"loc":{"start":{"line":144,"column":43},"end":{"line":144,"column":57}}},"31":{"name":"(anonymous_31)","decl":{"start":{"line":145,"column":34},"end":{"line":145,"column":35}},"loc":{"start":{"line":145,"column":41},"end":{"line":145,"column":53}}},"32":{"name":"(anonymous_32)","decl":{"start":{"line":149,"column":2},"end":{"line":149,"column":24}},"loc":{"start":{"line":149,"column":37},"end":{"line":155,"column":3}}}},"branchMap":{"0":{"loc":{"start":{"line":7,"column":14},"end":{"line":7,"column":45}},"type":"default-arg","locations":[{"start":{"line":7,"column":43},"end":{"line":7,"column":45}}]},"1":{"loc":{"start":{"line":19,"column":6},"end":{"line":21,"column":7}},"type":"if","locations":[{"start":{"line":19,"column":6},"end":{"line":21,"column":7}},{"start":{},"end":{}}]},"2":{"loc":{"start":{"line":25,"column":6},"end":{"line":25,"column":29}},"type":"if","locations":[{"start":{"line":25,"column":6},"end":{"line":25,"column":29}},{"start":{},"end":{}}]},"3":{"loc":{"start":{"line":27,"column":23},"end":{"line":27,"column":33}},"type":"binary-expr","locations":[{"start":{"line":27,"column":23},"end":{"line":27,"column":27}},{"start":{"line":27,"column":31},"end":{"line":27,"column":33}}]},"4":{"loc":{"start":{"line":41,"column":6},"end":{"line":41,"column":29}},"type":"if","locations":[{"start":{"line":41,"column":6},"end":{"line":41,"column":29}},{"start":{},"end":{}}]},"5":{"loc":{"start":{"line":43,"column":23},"end":{"line":43,"column":33}},"type":"binary-expr","locations":[{"start":{"line":43,"column":23},"end":{"line":43,"column":27}},{"start":{"line":43,"column":31},"end":{"line":43,"column":33}}]},"6":{"loc":{"start":{"line":59,"column":39},"end":{"line":59,"column":77}},"type":"binary-expr","locations":[{"start":{"line":59,"column":39},"end":{"line":59,"column":55}},{"start":{"line":59,"column":59},"end":{"line":59,"column":77}}]},"7":{"loc":{"start":{"line":80,"column":6},"end":{"line":80,"column":29}},"type":"if","locations":[{"start":{"line":80,"column":6},"end":{"line":80,"column":29}},{"start":{},"end":{}}]},"8":{"loc":{"start":{"line":96,"column":6},"end":{"line":96,"column":29}},"type":"if","locations":[{"start":{"line":96,"column":6},"end":{"line":96,"column":29}},{"start":{},"end":{}}]},"9":{"loc":{"start":{"line":99,"column":6},"end":{"line":101,"column":7}},"type":"if","locations":[{"start":{"line":99,"column":6},"end":{"line":101,"column":7}},{"start":{},"end":{}}]},"10":{"loc":{"start":{"line":115,"column":6},"end":{"line":115,"column":29}},"type":"if","locations":[{"start":{"line":115,"column":6},"end":{"line":115,"column":29}},{"start":{},"end":{}}]},"11":{"loc":{"start":{"line":129,"column":39},"end":{"line":129,"column":78}},"type":"binary-expr","locations":[{"start":{"line":129,"column":39},"end":{"line":129,"column":62}},{"start":{"line":129,"column":66},"end":{"line":129,"column":78}}]},"12":{"loc":{"start":{"line":134,"column":13},"end":{"line":134,"column":64}},"type":"binary-expr","locations":[{"start":{"line":134,"column":13},"end":{"line":134,"column":48}},{"start":{"line":134,"column":52},"end":{"line":134,"column":64}}]}},"s":{"0":0,"1":0,"2":0,"3":0,"4":0,"5":0,"6":0,"7":0,"8":0,"9":0,"10":0,"11":0,"12":0,"13":0,"14":0,"15":0,"16":0,"17":0,"18":0,"19":0,"20":0,"21":0,"22":0,"23":0,"24":0,"25":0,"26":0,"27":0,"28":0,"29":0,"30":0,"31":0,"32":0,"33":0,"34":0,"35":0,"36":0,"37":0,"38":0,"39":0,"40":0,"41":0,"42":0,"43":0,"44":0,"45":0,"46":0,"47":0,"48":0,"49":0,"50":0,"51":0,"52":0,"53":0,"54":0,"55":0,"56":0,"57":0,"58":0,"59":0,"60":0,"61":0,"62":0,"63":0,"64":0,"65":0,"66":0,"67":0,"68":0,"69":0,"70":0,"71":0,"72":0,"73":0},"f":{"0":0,"1":0,"2":0,"3":0,"4":0,"5":0,"6":0,"7":0,"8":0,"9":0,"10":0,"11":0,"12":0,"13":0,"14":0,"15":0,"16":0,"17":0,"18":0,"19":0,"20":0,"21":0,"22":0,"23":0,"24":0,"25":0,"26":0,"27":0,"28":0,"29":0,"30":0,"31":0,"32":0},"b":{"0":[0],"1":[0,0],"2":[0,0],"3":[0,0],"4":[0,0],"5":[0,0],"6":[0,0],"7":[0,0],"8":[0,0],"9":[0,0],"10":[0,0],"11":[0,0],"12":[0,0]}}
,"/Users/chlins/Desktop/heure_C-1/src/collections/PendingRequestCollection.ts": {"path":"/Users/chlins/Desktop/heure_C-1/src/collections/PendingRequestCollection.ts","statementMap":{"0":{"start":{"line":14,"column":4},"end":{"line":41,"column":5}},"1":{"start":{"line":15,"column":30},"end":{"line":34,"column":44}},"2":{"start":{"line":36,"column":6},"end":{"line":36,"column":29}},"3":{"start":{"line":36,"column":17},"end":{"line":36,"column":29}},"4":{"start":{"line":37,"column":6},"end":{"line":37,"column":24}},"5":{"start":{"line":39,"column":6},"end":{"line":39,"column":69}},"6":{"start":{"line":40,"column":6},"end":{"line":40,"column":18}},"7":{"start":{"line":45,"column":4},"end":{"line":58,"column":5}},"8":{"start":{"line":46,"column":30},"end":{"line":51,"column":38}},"9":{"start":{"line":53,"column":6},"end":{"line":53,"column":29}},"10":{"start":{"line":53,"column":17},"end":{"line":53,"column":29}},"11":{"start":{"line":54,"column":6},"end":{"line":54,"column":24}},"12":{"start":{"line":56,"column":6},"end":{"line":56,"column":70}},"13":{"start":{"line":57,"column":6},"end":{"line":57,"column":18}},"14":{"start":{"line":64,"column":4},"end":{"line":76,"column":5}},"15":{"start":{"line":65,"column":30},"end":{"line":69,"column":17}},"16":{"start":{"line":71,"column":6},"end":{"line":71,"column":29}},"17":{"start":{"line":71,"column":17},"end":{"line":71,"column":29}},"18":{"start":{"line":72,"column":6},"end":{"line":72,"column":18}},"19":{"start":{"line":74,"column":6},"end":{"line":74,"column":57}},"20":{"start":{"line":75,"column":6},"end":{"line":75,"column":18}},"21":{"start":{"line":83,"column":4},"end":{"line":96,"column":5}},"22":{"start":{"line":84,"column":30},"end":{"line":89,"column":17}},"23":{"start":{"line":91,"column":6},"end":{"line":91,"column":29}},"24":{"start":{"line":91,"column":17},"end":{"line":91,"column":29}},"25":{"start":{"line":92,"column":6},"end":{"line":92,"column":18}},"26":{"start":{"line":94,"column":6},"end":{"line":94,"column":61}},"27":{"start":{"line":95,"column":6},"end":{"line":95,"column":18}},"28":{"start":{"line":104,"column":4},"end":{"line":121,"column":5}},"29":{"start":{"line":105,"column":30},"end":{"line":114,"column":17}},"30":{"start":{"line":116,"column":6},"end":{"line":116,"column":29}},"31":{"start":{"line":116,"column":17},"end":{"line":116,"column":29}},"32":{"start":{"line":117,"column":6},"end":{"line":117,"column":18}},"33":{"start":{"line":119,"column":6},"end":{"line":119,"column":71}},"34":{"start":{"line":120,"column":6},"end":{"line":120,"column":18}},"35":{"start":{"line":125,"column":4},"end":{"line":135,"column":5}},"36":{"start":{"line":126,"column":24},"end":{"line":129,"column":21}},"37":{"start":{"line":131,"column":6},"end":{"line":131,"column":29}},"38":{"start":{"line":131,"column":17},"end":{"line":131,"column":29}},"39":{"start":{"line":133,"column":6},"end":{"line":133,"column":59}},"40":{"start":{"line":134,"column":6},"end":{"line":134,"column":18}},"41":{"start":{"line":139,"column":4},"end":{"line":154,"column":5}},"42":{"start":{"line":140,"column":24},"end":{"line":148,"column":32}},"43":{"start":{"line":150,"column":6},"end":{"line":150,"column":29}},"44":{"start":{"line":150,"column":17},"end":{"line":150,"column":29}},"45":{"start":{"line":152,"column":6},"end":{"line":152,"column":68}},"46":{"start":{"line":153,"column":6},"end":{"line":153,"column":18}},"47":{"start":{"line":10,"column":17},"end":{"line":10,"column":null}},"48":{"start":{"line":11,"column":17},"end":{"line":11,"column":null}}},"fnMap":{"0":{"name":"(anonymous_0)","decl":{"start":{"line":13,"column":2},"end":{"line":13,"column":8}},"loc":{"start":{"line":13,"column":22},"end":{"line":42,"column":3}}},"1":{"name":"(anonymous_1)","decl":{"start":{"line":44,"column":2},"end":{"line":44,"column":8}},"loc":{"start":{"line":44,"column":42},"end":{"line":59,"column":3}}},"2":{"name":"(anonymous_2)","decl":{"start":{"line":61,"column":2},"end":{"line":61,"column":8}},"loc":{"start":{"line":62,"column":35},"end":{"line":77,"column":3}}},"3":{"name":"(anonymous_3)","decl":{"start":{"line":79,"column":2},"end":{"line":79,"column":8}},"loc":{"start":{"line":81,"column":35},"end":{"line":97,"column":3}}},"4":{"name":"(anonymous_4)","decl":{"start":{"line":99,"column":2},"end":{"line":99,"column":8}},"loc":{"start":{"line":102,"column":25},"end":{"line":122,"column":3}}},"5":{"name":"(anonymous_5)","decl":{"start":{"line":124,"column":2},"end":{"line":124,"column":8}},"loc":{"start":{"line":124,"column":32},"end":{"line":136,"column":3}}},"6":{"name":"(anonymous_6)","decl":{"start":{"line":138,"column":2},"end":{"line":138,"column":8}},"loc":{"start":{"line":138,"column":47},"end":{"line":155,"column":3}}}},"branchMap":{"0":{"loc":{"start":{"line":36,"column":6},"end":{"line":36,"column":29}},"type":"if","locations":[{"start":{"line":36,"column":6},"end":{"line":36,"column":29}},{"start":{},"end":{}}]},"1":{"loc":{"start":{"line":37,"column":13},"end":{"line":37,"column":23}},"type":"binary-expr","locations":[{"start":{"line":37,"column":13},"end":{"line":37,"column":17}},{"start":{"line":37,"column":21},"end":{"line":37,"column":23}}]},"2":{"loc":{"start":{"line":53,"column":6},"end":{"line":53,"column":29}},"type":"if","locations":[{"start":{"line":53,"column":6},"end":{"line":53,"column":29}},{"start":{},"end":{}}]},"3":{"loc":{"start":{"line":54,"column":13},"end":{"line":54,"column":23}},"type":"binary-expr","locations":[{"start":{"line":54,"column":13},"end":{"line":54,"column":17}},{"start":{"line":54,"column":21},"end":{"line":54,"column":23}}]},"4":{"loc":{"start":{"line":71,"column":6},"end":{"line":71,"column":29}},"type":"if","locations":[{"start":{"line":71,"column":6},"end":{"line":71,"column":29}},{"start":{},"end":{}}]},"5":{"loc":{"start":{"line":91,"column":6},"end":{"line":91,"column":29}},"type":"if","locations":[{"start":{"line":91,"column":6},"end":{"line":91,"column":29}},{"start":{},"end":{}}]},"6":{"loc":{"start":{"line":116,"column":6},"end":{"line":116,"column":29}},"type":"if","locations":[{"start":{"line":116,"column":6},"end":{"line":116,"column":29}},{"start":{},"end":{}}]},"7":{"loc":{"start":{"line":131,"column":6},"end":{"line":131,"column":29}},"type":"if","locations":[{"start":{"line":131,"column":6},"end":{"line":131,"column":29}},{"start":{},"end":{}}]},"8":{"loc":{"start":{"line":150,"column":6},"end":{"line":150,"column":29}},"type":"if","locations":[{"start":{"line":150,"column":6},"end":{"line":150,"column":29}},{"start":{},"end":{}}]}},"s":{"0":0,"1":0,"2":0,"3":0,"4":0,"5":0,"6":0,"7":0,"8":0,"9":0,"10":0,"11":0,"12":0,"13":0,"14":0,"15":0,"16":0,"17":0,"18":0,"19":0,"20":0,"21":0,"22":0,"23":0,"24":0,"25":0,"26":0,"27":0,"28":0,"29":0,"30":0,"31":0,"32":0,"33":0,"34":0,"35":0,"36":0,"37":0,"38":0,"39":0,"40":0,"41":0,"42":0,"43":0,"44":0,"45":0,"46":0,"47":0,"48":0},"f":{"0":0,"1":0,"2":0,"3":0,"4":0,"5":0,"6":0},"b":{"0":[0,0],"1":[0,0],"2":[0,0],"3":[0,0],"4":[0,0],"5":[0,0],"6":[0,0],"7":[0,0],"8":[0,0]}}
,"/Users/chlins/Desktop/heure_C-1/src/collections/RegionCollection.ts": {"path":"/Users/chlins/Desktop/heure_C-1/src/collections/RegionCollection.ts","statementMap":{"0":{"start":{"line":5,"column":10},"end":{"line":5,"column":null}},"1":{"start":{"line":6,"column":10},"end":{"line":6,"column":null}},"2":{"start":{"line":7,"column":10},"end":{"line":7,"column":61}},"3":{"start":{"line":10,"column":4},"end":{"line":10,"column":36}},"4":{"start":{"line":14,"column":4},"end":{"line":14,"column":27}},"5":{"start":{"line":15,"column":4},"end":{"line":15,"column":55}},"6":{"start":{"line":15,"column":41},"end":{"line":15,"column":53}},"7":{"start":{"line":18,"column":4},"end":{"line":18,"column":32}},"8":{"start":{"line":19,"column":4},"end":{"line":28,"column":9}},"9":{"start":{"line":20,"column":21},"end":{"line":20,"column":39}},"10":{"start":{"line":22,"column":8},"end":{"line":22,"column":43}},"11":{"start":{"line":22,"column":36},"end":{"line":22,"column":43}},"12":{"start":{"line":25,"column":10},"end":{"line":25,"column":62}},"13":{"start":{"line":26,"column":8},"end":{"line":26,"column":42}},"14":{"start":{"line":27,"column":8},"end":{"line":27,"column":71}},"15":{"start":{"line":32,"column":4},"end":{"line":45,"column":5}},"16":{"start":{"line":33,"column":30},"end":{"line":37,"column":43}},"17":{"start":{"line":39,"column":6},"end":{"line":39,"column":29}},"18":{"start":{"line":39,"column":17},"end":{"line":39,"column":29}},"19":{"start":{"line":41,"column":6},"end":{"line":41,"column":62}},"20":{"start":{"line":41,"column":46},"end":{"line":41,"column":59}},"21":{"start":{"line":43,"column":6},"end":{"line":43,"column":56}},"22":{"start":{"line":44,"column":6},"end":{"line":44,"column":18}},"23":{"start":{"line":49,"column":4},"end":{"line":63,"column":5}},"24":{"start":{"line":50,"column":30},"end":{"line":54,"column":22}},"25":{"start":{"line":56,"column":6},"end":{"line":56,"column":29}},"26":{"start":{"line":56,"column":17},"end":{"line":56,"column":29}},"27":{"start":{"line":58,"column":6},"end":{"line":58,"column":60}},"28":{"start":{"line":58,"column":45},"end":{"line":58,"column":58}},"29":{"start":{"line":59,"column":6},"end":{"line":59,"column":68}},"30":{"start":{"line":61,"column":6},"end":{"line":61,"column":56}},"31":{"start":{"line":62,"column":6},"end":{"line":62,"column":18}},"32":{"start":{"line":67,"column":4},"end":{"line":83,"column":5}},"33":{"start":{"line":68,"column":30},"end":{"line":73,"column":22}},"34":{"start":{"line":75,"column":6},"end":{"line":75,"column":29}},"35":{"start":{"line":75,"column":17},"end":{"line":75,"column":29}},"36":{"start":{"line":77,"column":29},"end":{"line":77,"column":67}},"37":{"start":{"line":77,"column":53},"end":{"line":77,"column":66}},"38":{"start":{"line":78,"column":6},"end":{"line":78,"column":56}},"39":{"start":{"line":79,"column":6},"end":{"line":79,"column":68}},"40":{"start":{"line":81,"column":6},"end":{"line":81,"column":59}},"41":{"start":{"line":82,"column":6},"end":{"line":82,"column":18}},"42":{"start":{"line":87,"column":4},"end":{"line":87,"column":24}},"43":{"start":{"line":91,"column":4},"end":{"line":91,"column":24}},"44":{"start":{"line":95,"column":4},"end":{"line":97,"column":5}},"45":{"start":{"line":96,"column":6},"end":{"line":96,"column":53}},"46":{"start":{"line":98,"column":4},"end":{"line":98,"column":59}},"47":{"start":{"line":102,"column":4},"end":{"line":102,"column":49}},"48":{"start":{"line":102,"column":36},"end":{"line":102,"column":47}},"49":{"start":{"line":106,"column":4},"end":{"line":106,"column":53}},"50":{"start":{"line":106,"column":36},"end":{"line":106,"column":51}},"51":{"start":{"line":110,"column":4},"end":{"line":132,"column":5}},"52":{"start":{"line":111,"column":30},"end":{"line":115,"column":17}},"53":{"start":{"line":117,"column":6},"end":{"line":117,"column":29}},"54":{"start":{"line":117,"column":17},"end":{"line":117,"column":29}},"55":{"start":{"line":119,"column":24},"end":{"line":119,"column":40}},"56":{"start":{"line":120,"column":6},"end":{"line":127,"column":7}},"57":{"start":{"line":121,"column":8},"end":{"line":121,"column":37}},"58":{"start":{"line":122,"column":13},"end":{"line":127,"column":7}},"59":{"start":{"line":124,"column":10},"end":{"line":124,"column":59}},"60":{"start":{"line":125,"column":8},"end":{"line":125,"column":39}},"61":{"start":{"line":126,"column":8},"end":{"line":126,"column":68}},"62":{"start":{"line":128,"column":6},"end":{"line":128,"column":35}},"63":{"start":{"line":130,"column":6},"end":{"line":130,"column":56}},"64":{"start":{"line":131,"column":6},"end":{"line":131,"column":18}},"65":{"start":{"line":136,"column":4},"end":{"line":167,"column":5}},"66":{"start":{"line":137,"column":24},"end":{"line":140,"column":28}},"67":{"start":{"line":142,"column":6},"end":{"line":142,"column":29}},"68":{"start":{"line":142,"column":17},"end":{"line":142,"column":29}},"69":{"start":{"line":144,"column":20},"end":{"line":144,"column":69}},"70":{"start":{"line":144,"column":50},"end":{"line":144,"column":68}},"71":{"start":{"line":145,"column":6},"end":{"line":163,"column":7}},"72":{"start":{"line":146,"column":8},"end":{"line":146,"column":37}},"73":{"start":{"line":148,"column":8},"end":{"line":162,"column":9}},"74":{"start":{"line":149,"column":30},"end":{"line":149,"column":79}},"75":{"start":{"line":149,"column":60},"end":{"line":149,"column":78}},"76":{"start":{"line":150,"column":10},"end":{"line":152,"column":11}},"77":{"start":{"line":151,"column":12},"end":{"line":151,"column":47}},"78":{"start":{"line":153,"column":15},"end":{"line":162,"column":9}},"79":{"start":{"line":154,"column":33},"end":{"line":154,"column":79}},"80":{"start":{"line":155,"column":36},"end":{"line":156,"column":null}},"81":{"start":{"line":156,"column":19},"end":{"line":156,"column":37}},"82":{"start":{"line":158,"column":10},"end":{"line":161,"column":11}},"83":{"start":{"line":159,"column":12},"end":{"line":159,"column":55}},"84":{"start":{"line":160,"column":12},"end":{"line":160,"column":69}},"85":{"start":{"line":165,"column":6},"end":{"line":165,"column":56}},"86":{"start":{"line":166,"column":6},"end":{"line":166,"column":18}},"87":{"start":{"line":171,"column":4},"end":{"line":197,"column":5}},"88":{"start":{"line":172,"column":24},"end":{"line":175,"column":27}},"89":{"start":{"line":177,"column":6},"end":{"line":177,"column":29}},"90":{"start":{"line":177,"column":17},"end":{"line":177,"column":29}},"91":{"start":{"line":179,"column":21},"end":{"line":179,"column":64}},"92":{"start":{"line":179,"column":46},"end":{"line":179,"column":63}},"93":{"start":{"line":180,"column":6},"end":{"line":180,"column":26}},"94":{"start":{"line":180,"column":19},"end":{"line":180,"column":26}},"95":{"start":{"line":182,"column":6},"end":{"line":182,"column":67}},"96":{"start":{"line":182,"column":48},"end":{"line":182,"column":65}},"97":{"start":{"line":184,"column":6},"end":{"line":193,"column":7}},"98":{"start":{"line":185,"column":8},"end":{"line":185,"column":69}},"99":{"start":{"line":185,"column":50},"end":{"line":185,"column":67}},"100":{"start":{"line":186,"column":8},"end":{"line":186,"column":45}},"101":{"start":{"line":187,"column":13},"end":{"line":193,"column":7}},"102":{"start":{"line":188,"column":31},"end":{"line":188,"column":77}},"103":{"start":{"line":189,"column":8},"end":{"line":192,"column":10}},"104":{"start":{"line":191,"column":39},"end":{"line":191,"column":56}},"105":{"start":{"line":195,"column":6},"end":{"line":195,"column":54}},"106":{"start":{"line":196,"column":6},"end":{"line":196,"column":18}},"107":{"start":{"line":204,"column":19},"end":{"line":204,"column":41}},"108":{"start":{"line":205,"column":4},"end":{"line":205,"column":58}},"109":{"start":{"line":205,"column":17},"end":{"line":205,"column":58}},"110":{"start":{"line":207,"column":4},"end":{"line":207,"column":32}},"111":{"start":{"line":208,"column":4},"end":{"line":208,"column":30}},"112":{"start":{"line":212,"column":4},"end":{"line":212,"column":50}},"113":{"start":{"line":212,"column":38},"end":{"line":212,"column":48}},"114":{"start":{"line":216,"column":4},"end":{"line":216,"column":50}},"115":{"start":{"line":216,"column":38},"end":{"line":216,"column":48}},"116":{"start":{"line":220,"column":4},"end":{"line":220,"column":70}},"117":{"start":{"line":220,"column":58},"end":{"line":220,"column":68}},"118":{"start":{"line":224,"column":28},"end":{"line":224,"column":47}},"119":{"start":{"line":225,"column":4},"end":{"line":229,"column":6}},"120":{"start":{"line":227,"column":8},"end":{"line":228,"column":54}},"121":{"start":{"line":236,"column":19},"end":{"line":236,"column":41}},"122":{"start":{"line":237,"column":4},"end":{"line":237,"column":27}},"123":{"start":{"line":237,"column":17},"end":{"line":237,"column":27}},"124":{"start":{"line":239,"column":4},"end":{"line":241,"column":5}},"125":{"start":{"line":240,"column":6},"end":{"line":240,"column":32}},"126":{"start":{"line":243,"column":4},"end":{"line":246,"column":5}},"127":{"start":{"line":244,"column":21},"end":{"line":244,"column":50}},"128":{"start":{"line":245,"column":6},"end":{"line":245,"column":46}},"129":{"start":{"line":248,"column":4},"end":{"line":248,"column":14}}},"fnMap":{"0":{"name":"(anonymous_0)","decl":{"start":{"line":9,"column":2},"end":{"line":9,"column":14}},"loc":{"start":{"line":9,"column":43},"end":{"line":11,"column":3}}},"1":{"name":"(anonymous_1)","decl":{"start":{"line":13,"column":10},"end":{"line":13,"column":20}},"loc":{"start":{"line":13,"column":38},"end":{"line":29,"column":3}}},"2":{"name":"(anonymous_2)","decl":{"start":{"line":15,"column":34},"end":{"line":15,"column":35}},"loc":{"start":{"line":15,"column":41},"end":{"line":15,"column":53}}},"3":{"name":"(anonymous_3)","decl":{"start":{"line":20,"column":14},"end":{"line":20,"column":15}},"loc":{"start":{"line":20,"column":21},"end":{"line":20,"column":39}}},"4":{"name":"(anonymous_4)","decl":{"start":{"line":21,"column":15},"end":{"line":21,"column":16}},"loc":{"start":{"line":21,"column":32},"end":{"line":28,"column":7}}},"5":{"name":"(anonymous_5)","decl":{"start":{"line":31,"column":2},"end":{"line":31,"column":7}},"loc":{"start":{"line":31,"column":15},"end":{"line":46,"column":3}}},"6":{"name":"(anonymous_6)","decl":{"start":{"line":41,"column":39},"end":{"line":41,"column":40}},"loc":{"start":{"line":41,"column":46},"end":{"line":41,"column":59}}},"7":{"name":"(anonymous_7)","decl":{"start":{"line":48,"column":2},"end":{"line":48,"column":7}},"loc":{"start":{"line":48,"column":19},"end":{"line":64,"column":3}}},"8":{"name":"(anonymous_8)","decl":{"start":{"line":58,"column":38},"end":{"line":58,"column":39}},"loc":{"start":{"line":58,"column":45},"end":{"line":58,"column":58}}},"9":{"name":"(anonymous_9)","decl":{"start":{"line":66,"column":2},"end":{"line":66,"column":7}},"loc":{"start":{"line":66,"column":52},"end":{"line":84,"column":3}}},"10":{"name":"(anonymous_10)","decl":{"start":{"line":77,"column":46},"end":{"line":77,"column":47}},"loc":{"start":{"line":77,"column":53},"end":{"line":77,"column":66}}},"11":{"name":"(anonymous_11)","decl":{"start":{"line":86,"column":2},"end":{"line":86,"column":8}},"loc":{"start":{"line":86,"column":8},"end":{"line":88,"column":3}}},"12":{"name":"(anonymous_12)","decl":{"start":{"line":90,"column":2},"end":{"line":90,"column":12}},"loc":{"start":{"line":90,"column":12},"end":{"line":92,"column":3}}},"13":{"name":"(anonymous_13)","decl":{"start":{"line":94,"column":2},"end":{"line":94,"column":19}},"loc":{"start":{"line":94,"column":37},"end":{"line":99,"column":3}}},"14":{"name":"(anonymous_14)","decl":{"start":{"line":101,"column":2},"end":{"line":101,"column":9}},"loc":{"start":{"line":101,"column":20},"end":{"line":103,"column":3}}},"15":{"name":"(anonymous_15)","decl":{"start":{"line":102,"column":29},"end":{"line":102,"column":30}},"loc":{"start":{"line":102,"column":36},"end":{"line":102,"column":47}}},"16":{"name":"(anonymous_16)","decl":{"start":{"line":105,"column":2},"end":{"line":105,"column":11}},"loc":{"start":{"line":105,"column":24},"end":{"line":107,"column":3}}},"17":{"name":"(anonymous_17)","decl":{"start":{"line":106,"column":29},"end":{"line":106,"column":30}},"loc":{"start":{"line":106,"column":36},"end":{"line":106,"column":51}}},"18":{"name":"(anonymous_18)","decl":{"start":{"line":109,"column":2},"end":{"line":109,"column":7}},"loc":{"start":{"line":109,"column":26},"end":{"line":133,"column":3}}},"19":{"name":"(anonymous_19)","decl":{"start":{"line":135,"column":2},"end":{"line":135,"column":7}},"loc":{"start":{"line":135,"column":29},"end":{"line":168,"column":3}}},"20":{"name":"(anonymous_20)","decl":{"start":{"line":144,"column":43},"end":{"line":144,"column":44}},"loc":{"start":{"line":144,"column":50},"end":{"line":144,"column":68}}},"21":{"name":"(anonymous_21)","decl":{"start":{"line":149,"column":53},"end":{"line":149,"column":54}},"loc":{"start":{"line":149,"column":60},"end":{"line":149,"column":78}}},"22":{"name":"(anonymous_22)","decl":{"start":{"line":156,"column":12},"end":{"line":156,"column":13}},"loc":{"start":{"line":156,"column":19},"end":{"line":156,"column":37}}},"23":{"name":"(anonymous_23)","decl":{"start":{"line":170,"column":2},"end":{"line":170,"column":7}},"loc":{"start":{"line":170,"column":31},"end":{"line":198,"column":3}}},"24":{"name":"(anonymous_24)","decl":{"start":{"line":179,"column":39},"end":{"line":179,"column":40}},"loc":{"start":{"line":179,"column":46},"end":{"line":179,"column":63}}},"25":{"name":"(anonymous_25)","decl":{"start":{"line":182,"column":41},"end":{"line":182,"column":42}},"loc":{"start":{"line":182,"column":48},"end":{"line":182,"column":65}}},"26":{"name":"(anonymous_26)","decl":{"start":{"line":185,"column":43},"end":{"line":185,"column":44}},"loc":{"start":{"line":185,"column":50},"end":{"line":185,"column":67}}},"27":{"name":"(anonymous_27)","decl":{"start":{"line":191,"column":32},"end":{"line":191,"column":33}},"loc":{"start":{"line":191,"column":39},"end":{"line":191,"column":56}}},"28":{"name":"(anonymous_28)","decl":{"start":{"line":200,"column":2},"end":{"line":200,"column":7}},"loc":{"start":{"line":202,"column":28},"end":{"line":209,"column":3}}},"29":{"name":"(anonymous_29)","decl":{"start":{"line":211,"column":2},"end":{"line":211,"column":18}},"loc":{"start":{"line":211,"column":18},"end":{"line":213,"column":3}}},"30":{"name":"(anonymous_30)","decl":{"start":{"line":212,"column":31},"end":{"line":212,"column":32}},"loc":{"start":{"line":212,"column":38},"end":{"line":212,"column":48}}},"31":{"name":"(anonymous_31)","decl":{"start":{"line":215,"column":2},"end":{"line":215,"column":18}},"loc":{"start":{"line":215,"column":18},"end":{"line":217,"column":3}}},"32":{"name":"(anonymous_32)","decl":{"start":{"line":216,"column":31},"end":{"line":216,"column":32}},"loc":{"start":{"line":216,"column":38},"end":{"line":216,"column":48}}},"33":{"name":"(anonymous_33)","decl":{"start":{"line":219,"column":2},"end":{"line":219,"column":25}},"loc":{"start":{"line":219,"column":43},"end":{"line":221,"column":3}}},"34":{"name":"(anonymous_34)","decl":{"start":{"line":220,"column":51},"end":{"line":220,"column":52}},"loc":{"start":{"line":220,"column":58},"end":{"line":220,"column":68}}},"35":{"name":"(anonymous_35)","decl":{"start":{"line":223,"column":2},"end":{"line":223,"column":14}},"loc":{"start":{"line":223,"column":28},"end":{"line":230,"column":3}}},"36":{"name":"(anonymous_36)","decl":{"start":{"line":226,"column":6},"end":{"line":226,"column":7}},"loc":{"start":{"line":227,"column":8},"end":{"line":228,"column":54}}},"37":{"name":"(anonymous_37)","decl":{"start":{"line":232,"column":2},"end":{"line":232,"column":20}},"loc":{"start":{"line":232,"column":37},"end":{"line":249,"column":3}}}},"branchMap":{"0":{"loc":{"start":{"line":9,"column":14},"end":{"line":9,"column":43}},"type":"default-arg","locations":[{"start":{"line":9,"column":41},"end":{"line":9,"column":43}}]},"1":{"loc":{"start":{"line":22,"column":8},"end":{"line":22,"column":43}},"type":"if","locations":[{"start":{"line":22,"column":8},"end":{"line":22,"column":43}},{"start":{},"end":{}}]},"2":{"loc":{"start":{"line":25,"column":10},"end":{"line":25,"column":62}},"type":"binary-expr","locations":[{"start":{"line":25,"column":10},"end":{"line":25,"column":56}},{"start":{"line":25,"column":60},"end":{"line":25,"column":62}}]},"3":{"loc":{"start":{"line":39,"column":6},"end":{"line":39,"column":29}},"type":"if","locations":[{"start":{"line":39,"column":6},"end":{"line":39,"column":29}},{"start":{},"end":{}}]},"4":{"loc":{"start":{"line":41,"column":23},"end":{"line":41,"column":33}},"type":"binary-expr","locations":[{"start":{"line":41,"column":23},"end":{"line":41,"column":27}},{"start":{"line":41,"column":31},"end":{"line":41,"column":33}}]},"5":{"loc":{"start":{"line":56,"column":6},"end":{"line":56,"column":29}},"type":"if","locations":[{"start":{"line":56,"column":6},"end":{"line":56,"column":29}},{"start":{},"end":{}}]},"6":{"loc":{"start":{"line":58,"column":22},"end":{"line":58,"column":32}},"type":"binary-expr","locations":[{"start":{"line":58,"column":22},"end":{"line":58,"column":26}},{"start":{"line":58,"column":30},"end":{"line":58,"column":32}}]},"7":{"loc":{"start":{"line":75,"column":6},"end":{"line":75,"column":29}},"type":"if","locations":[{"start":{"line":75,"column":6},"end":{"line":75,"column":29}},{"start":{},"end":{}}]},"8":{"loc":{"start":{"line":77,"column":30},"end":{"line":77,"column":40}},"type":"binary-expr","locations":[{"start":{"line":77,"column":30},"end":{"line":77,"column":34}},{"start":{"line":77,"column":38},"end":{"line":77,"column":40}}]},"9":{"loc":{"start":{"line":95,"column":4},"end":{"line":97,"column":5}},"type":"if","locations":[{"start":{"line":95,"column":4},"end":{"line":97,"column":5}},{"start":{},"end":{}}]},"10":{"loc":{"start":{"line":96,"column":13},"end":{"line":96,"column":52}},"type":"binary-expr","locations":[{"start":{"line":96,"column":13},"end":{"line":96,"column":46}},{"start":{"line":96,"column":50},"end":{"line":96,"column":52}}]},"11":{"loc":{"start":{"line":117,"column":6},"end":{"line":117,"column":29}},"type":"if","locations":[{"start":{"line":117,"column":6},"end":{"line":117,"column":29}},{"start":{},"end":{}}]},"12":{"loc":{"start":{"line":120,"column":6},"end":{"line":127,"column":7}},"type":"if","locations":[{"start":{"line":120,"column":6},"end":{"line":127,"column":7}},{"start":{"line":122,"column":13},"end":{"line":127,"column":7}}]},"13":{"loc":{"start":{"line":122,"column":13},"end":{"line":127,"column":7}},"type":"if","locations":[{"start":{"line":122,"column":13},"end":{"line":127,"column":7}},{"start":{},"end":{}}]},"14":{"loc":{"start":{"line":124,"column":10},"end":{"line":124,"column":59}},"type":"binary-expr","locations":[{"start":{"line":124,"column":10},"end":{"line":124,"column":53}},{"start":{"line":124,"column":57},"end":{"line":124,"column":59}}]},"15":{"loc":{"start":{"line":142,"column":6},"end":{"line":142,"column":29}},"type":"if","locations":[{"start":{"line":142,"column":6},"end":{"line":142,"column":29}},{"start":{},"end":{}}]},"16":{"loc":{"start":{"line":145,"column":6},"end":{"line":163,"column":7}},"type":"if","locations":[{"start":{"line":145,"column":6},"end":{"line":163,"column":7}},{"start":{},"end":{}}]},"17":{"loc":{"start":{"line":148,"column":8},"end":{"line":162,"column":9}},"type":"if","locations":[{"start":{"line":148,"column":8},"end":{"line":162,"column":9}},{"start":{"line":153,"column":15},"end":{"line":162,"column":9}}]},"18":{"loc":{"start":{"line":150,"column":10},"end":{"line":152,"column":11}},"type":"if","locations":[{"start":{"line":150
[...]
t":{"line":253,"column":6},"end":{"line":253,"column":28}},"type":"binary-expr","locations":[{"start":{"line":253,"column":6},"end":{"line":253,"column":19}},{"start":{"line":253,"column":23},"end":{"line":253,"column":28}}]},"35":{"loc":{"start":{"line":284,"column":2},"end":{"line":289,"column":3}},"type":"if","locations":[{"start":{"line":284,"column":2},"end":{"line":289,"column":3}},{"start":{},"end":{}}]},"36":{"loc":{"start":{"line":287,"column":6},"end":{"line":287,"column":28}},"type":"binary-expr","locations":[{"start":{"line":287,"column":6},"end":{"line":287,"column":19}},{"start":{"line":287,"column":23},"end":{"line":287,"column":28}}]},"37":{"loc":{"start":{"line":309,"column":2},"end":{"line":315,"column":3}},"type":"if","locations":[{"start":{"line":309,"column":2},"end":{"line":315,"column":3}},{"start":{},"end":{}}]},"38":{"loc":{"start":{"line":312,"column":6},"end":{"line":312,"column":28}},"type":"binary-expr","locations":[{"start":{"line":312,"column":6},"end":{"line":312,"column":19}},{"start":{"line":312,"column":23},"end":{"line":312,"column":28}}]},"39":{"loc":{"start":{"line":317,"column":4},"end":{"line":321,"column":23}},"type":"binary-expr","locations":[{"start":{"line":317,"column":4},"end":{"line":321,"column":7}},{"start":{"line":321,"column":11},"end":{"line":321,"column":23}}]},"40":{"loc":{"start":{"line":342,"column":2},"end":{"line":348,"column":3}},"type":"if","locations":[{"start":{"line":342,"column":2},"end":{"line":348,"column":3}},{"start":{},"end":{}}]},"41":{"loc":{"start":{"line":345,"column":6},"end":{"line":345,"column":38}},"type":"binary-expr","locations":[{"start":{"line":345,"column":6},"end":{"line":345,"column":24}},{"start":{"line":345,"column":28},"end":{"line":345,"column":38}}]},"42":{"loc":{"start":{"line":352,"column":3},"end":{"line":352,"column":26}},"type":"binary-expr","locations":[{"start":{"line":352,"column":3},"end":{"line":352,"column":20}},{"start":{"line":352,"column":24},"end":{"line":352,"column":26}}]},"43":{"loc":{"start":{"line":360,"column":13},"end":{"line":360,"column":77}},"type":"binary-expr","locations":[{"start":{"line":360,"column":13},"end":{"line":360,"column":44}},{"start":{"line":360,"column":48},"end":{"line":360,"column":77}}]},"44":{"loc":{"start":{"line":376,"column":2},"end":{"line":398,"column":3}},"type":"if","locations":[{"start":{"line":376,"column":2},"end":{"line":398,"column":3}},{"start":{},"end":{}}]},"45":{"loc":{"start":{"line":391,"column":4},"end":{"line":397,"column":5}},"type":"if","locations":[{"start":{"line":391,"column":4},"end":{"line":397,"column":5}},{"start":{},"end":{}}]},"46":{"loc":{"start":{"line":394,"column":8},"end":{"line":394,"column":42}},"type":"binary-expr","locations":[{"start":{"line":394,"column":8},"end":{"line":394,"column":27}},{"start":{"line":394,"column":31},"end":{"line":394,"column":42}}]},"47":{"loc":{"start":{"line":415,"column":2},"end":{"line":421,"column":3}},"type":"if","locations":[{"start":{"line":415,"column":2},"end":{"line":421,"column":3}},{"start":{},"end":{}}]},"48":{"loc":{"start":{"line":418,"column":6},"end":{"line":418,"column":28}},"type":"binary-expr","locations":[{"start":{"line":418,"column":6},"end":{"line":418,"column":19}},{"start":{"line":418,"column":23},"end":{"line":418,"column":28}}]},"49":{"loc":{"start":{"line":423,"column":4},"end":{"line":427,"column":13}},"type":"binary-expr","locations":[{"start":{"line":423,"column":4},"end":{"line":427,"column":7}},{"start":{"line":427,"column":11},"end":{"line":427,"column":13}}]},"50":{"loc":{"start":{"line":438,"column":2},"end":{"line":458,"column":3}},"type":"switch","locations":[{"start":{"line":439,"column":4},"end":{"line":445,"column":14}},{"start":{"line":446,"column":4},"end":{"line":452,"column":14}},{"start":{"line":453,"column":4},"end":{"line":457,"column":26}}]},"51":{"loc":{"start":{"line":467,"column":2},"end":{"line":473,"column":3}},"type":"if","locations":[{"start":{"line":467,"column":2},"end":{"line":473,"column":3}},{"start":{},"end":{}}]},"52":{"loc":{"start":{"line":470,"column":6},"end":{"line":470,"column":28}},"type":"binary-expr","locations":[{"start":{"line":470,"column":6},"end":{"line":470,"column":19}},{"start":{"line":470,"column":23},"end":{"line":470,"column":28}}]},"53":{"loc":{"start":{"line":476,"column":10},"end":{"line":476,"column":40}},"type":"binary-expr","locations":[{"start":{"line":476,"column":10},"end":{"line":476,"column":22}},{"start":{"line":476,"column":26},"end":{"line":476,"column":40}}]},"54":{"loc":{"start":{"line":478,"column":10},"end":{"line":478,"column":32}},"type":"binary-expr","locations":[{"start":{"line":478,"column":10},"end":{"line":478,"column":22}},{"start":{"line":478,"column":26},"end":{"line":478,"column":32}}]},"55":{"loc":{"start":{"line":480,"column":30},"end":{"line":480,"column":77}},"type":"binary-expr","locations":[{"start":{"line":480,"column":30},"end":{"line":480,"column":42}},{"start":{"line":480,"column":46},"end":{"line":480,"column":59}},{"start":{"line":480,"column":63},"end":{"line":480,"column":77}}]},"56":{"loc":{"start":{"line":520,"column":2},"end":{"line":526,"column":3}},"type":"if","locations":[{"start":{"line":520,"column":2},"end":{"line":526,"column":3}},{"start":{},"end":{}}]},"57":{"loc":{"start":{"line":523,"column":6},"end":{"line":523,"column":28}},"type":"binary-expr","locations":[{"start":{"line":523,"column":6},"end":{"line":523,"column":19}},{"start":{"line":523,"column":23},"end":{"line":523,"column":28}}]}},"s":{"0":0,"1":0,"2":0,"3":0,"4":0,"5":0,"6":0,"7":0,"8":0,"9":0,"10":0,"11":0,"12":0,"13":0,"14":0,"15":0,"16":0,"17":0,"18":0,"19":0,"20":0,"21":0,"22":0,"23":0,"24":0,"25":0,"26":0,"27":0,"28":0,"29":0,"30":0,"31":0,"32":0,"33":0,"34":0,"35":0,"36":0,"37":0,"38":0,"39":0,"40":0,"41":0,"42":0,"43":0,"44":0,"45":0,"46":0,"47":0,"48":0,"49":0,"50":0,"51":0,"52":0,"53":0,"54":0,"55":0,"56":0,"57":0,"58":0,"59":0,"60":0,"61":0,"62":0,"63":0,"64":0,"65":0,"66":0,"67":0,"68":0,"69":0,"70":0,"71":0,"72":0,"73":0,"74":0,"75":0,"76":0,"77":0,"78":0,"79":0,"80":0,"81":0,"82":0,"83":0,"84":0,"85":0,"86":0,"87":0,"88":0,"89":0,"90":0,"91":0,"92":0,"93":0,"94":0,"95":0,"96":0,"97":0,"98":0,"99":0,"100":0,"101":0,"102":0,"103":0,"104":0,"105":0,"106":0,"107":0,"108":0,"109":0,"110":0,"111":0,"112":0,"113":0,"114":0,"115":0,"116":0,"117":0,"118":0,"119":0,"120":0,"121":0,"122":0,"123":0,"124":0,"125":0,"126":0,"127":0,"128":0,"129":0,"130":0,"131":0,"132":0,"133":0,"134":0,"135":0,"136":0,"137":0,"138":0,"139":0,"140":0,"141":0,"142":0,"143":0,"144":0,"145":0,"146":0},"f":{"0":0,"1":0,"2":0,"3":0,"4":0,"5":0,"6":0,"7":0,"8":0,"9":0,"10":0,"11":0,"12":0,"13":0,"14":0,"15":0,"16":0,"17":0,"18":0,"19":0,"20":0,"21":0,"22":0,"23":0,"24":0,"25":0,"26":0,"27":0},"b":{"0":[0,0],"1":[0,0],"2":[0,0],"3":[0,0],"4":[0,0],"5":[0,0],"6":[0,0],"7":[0,0],"8":[0,0],"9":[0,0],"10":[0,0],"11":[0,0],"12":[0,0],"13":[0,0],"14":[0,0],"15":[0,0],"16":[0,0,0],"17":[0,0],"18":[0,0],"19":[0,0],"20":[0,0],"21":[0,0,0],"22":[0,0],"23":[0,0],"24":[0,0],"25":[0,0],"26":[0,0],"27":[0,0],"28":[0,0],"29":[0,0],"30":[0,0],"31":[0,0],"32":[0,0],"33":[0,0],"34":[0,0],"35":[0,0],"36":[0,0],"37":[0,0],"38":[0,0],"39":[0,0],"40":[0,0],"41":[0,0],"42":[0,0],"43":[0,0],"44":[0,0],"45":[0,0],"46":[0,0],"47":[0,0],"48":[0,0],"49":[0,0],"50":[0,0,0],"51":[0,0],"52":[0,0],"53":[0,0],"54":[0,0],"55":[0,0,0],"56":[0,0],"57":[0,0]}}
,"/Users/chlins/Desktop/heure_C-1/src/utils/tailwindUtils.ts": {"path":"/Users/chlins/Desktop/heure_C-1/src/utils/tailwindUtils.ts","statementMap":{"0":{"start":{"line":4,"column":2},"end":{"line":4,"column":22}},"1":{"start":{"line":7,"column":29},"end":{"line":14,"column":11}},"2":{"start":{"line":16,"column":30},"end":{"line":25,"column":11}},"3":{"start":{"line":27,"column":28},"end":{"line":31,"column":11}},"4":{"start":{"line":33,"column":27},"end":{"line":36,"column":11}}},"fnMap":{"0":{"name":"cn","decl":{"start":{"line":3,"column":16},"end":{"line":3,"column":18}},"loc":{"start":{"line":3,"column":42},"end":{"line":5,"column":1}}}},"branchMap":{},"s":{"0":0,"1":0,"2":0,"3":0,"4":0},"f":{"0":0},"b":{}}
,"/Users/chlins/Desktop/heure_C-1/src/utils/timeUtils.ts": {"path":"/Users/chlins/Desktop/heure_C-1/src/utils/timeUtils.ts","statementMap":{"0":{"start":{"line":4,"column":30},"end":{"line":12,"column":1}},"1":{"start":{"line":5,"column":15},"end":{"line":5,"column":39}},"2":{"start":{"line":6,"column":23},"end":{"line":6,"column":25}},"3":{"start":{"line":7,"column":2},"end":{"line":10,"column":3}},"4":{"start":{"line":8,"column":4},"end":{"line":8,"column":30}},"5":{"start":{"line":9,"column":4},"end":{"line":9,"column":37}},"6":{"start":{"line":11,"column":2},"end":{"line":11,"column":14}},"7":{"start":{"line":14,"column":36},"end":{"line":19,"column":1}},"8":{"start":{"line":15,"column":15},"end":{"line":15,"column":33}},"9":{"start":{"line":16,"column":16},"end":{"line":16,"column":65}},"10":{"start":{"line":17,"column":14},"end":{"line":17,"column":56}},"11":{"start":{"line":18,"column":2},"end":{"line":18,"column":35}},"12":{"start":{"line":21,"column":40},"end":{"line":51,"column":1}},"13":{"start":{"line":25,"column":2},"end":{"line":25,"column":31}},"14":{"start":{"line":25,"column":22},"end":{"line":25,"column":31}},"15":{"start":{"line":26,"column":2},"end":{"line":50,"column":3}},"16":{"start":{"line":27,"column":39},"end":{"line":27,"column":67}},"17":{"start":{"line":28,"column":35},"end":{"line":28,"column":61}},"18":{"start":{"line":30,"column":4},"end":{"line":37,"column":5}},"19":{"start":{"line":36,"column":6},"end":{"line":36,"column":15}},"20":{"start":{"line":39,"column":22},"end":{"line":39,"column":65}},"21":{"start":{"line":40,"column":20},"end":{"line":40,"column":59}},"22":{"start":{"line":42,"column":17},"end":{"line":42,"column":56}},"23":{"start":{"line":43,"column":4},"end":{"line":45,"column":5}},"24":{"start":{"line":44,"column":6},"end":{"line":44,"column":15}},"25":{"start":{"line":46,"column":4},"end":{"line":46,"column":35}},"26":{"start":{"line":48,"column":4},"end":{"line":48,"column":56}},"27":{"start":{"line":49,"column":4},"end":{"line":49,"column":13}},"28":{"start":{"line":53,"column":32},"end":{"line":65,"column":1}},"29":{"start":{"line":54,"column":19},"end":{"line":54,"column":32}},"30":{"start":{"line":55,"column":36},"end":{"line":63,"column":4}},"31":{"start":{"line":64,"column":2},"end":{"line":64,"column":28}},"32":{"start":{"line":67,"column":36},"end":{"line":156,"column":1}},"33":{"start":{"line":73,"column":30},"end":{"line":73,"column":31}},"34":{"start":{"line":74,"column":2},"end":{"line":76,"column":5}},"35":{"start":{"line":75,"column":4},"end":{"line":75,"column":73}},"36":{"start":{"line":78,"column":28},"end":{"line":78,"column":29}},"37":{"start":{"line":79,"column":30},"end":{"line":79,"column":71}},"38":{"start":{"line":81,"column":2},"end":{"line":110,"column":5}},"39":{"start":{"line":82,"column":20},"end":{"line":82,"column":45}},"40":{"start":{"line":83,"column":27},"end":{"line":83,"column":50}},"41":{"start":{"line":84,"column":21},"end":{"line":85,"column":null}},"42":{"start":{"line":85,"column":15},"end":{"line":85,"column":79}},"43":{"start":{"line":89,"column":6},"end":{"line":89,"column":55}},"44":{"start":{"line":91,"column":4},"end":{"line":108,"column":5}},"45":{"start":{"line":92,"column":6},"end":{"line":99,"column":7}},"46":{"start":{"line":98,"column":8},"end":{"line":98,"column":61}},"47":{"start":{"line":100,"column":6},"end":{"line":107,"column":7}},"48":{"start":{"line":106,"column":8},"end":{"line":106,"column":63}},"49":{"start":{"line":109,"column":4},"end":{"line":109,"column":67}},"50":{"start":{"line":112,"column":28},"end":{"line":112,"column":29}},"51":{"start":{"line":113,"column":2},"end":{"line":146,"column":5}},"52":{"start":{"line":114,"column":20},"end":{"line":114,"column":51}},"53":{"start":{"line":115,"column":27},"end":{"line":115,"column":50}},"54":{"start":{"line":117,"column":35},"end":{"line":117,"column":36}},"55":{"start":{"line":118,"column":4},"end":{"line":129,"column":5}},"56":{"start":{"line":119,"column":6},"end":{"line":119,"column":56}},"57":{"start":{"line":120,"column":11},"end":{"line":129,"column":5}},"58":{"start":{"line":125,"column":6},"end":{"line":128,"column":8}},"59":{"start":{"line":131,"column":37},"end":{"line":131,"column":38}},"60":{"start":{"line":132,"column":4},"end":{"line":143,"column":5}},"61":{"start":{"line":133,"column":6},"end":{"line":133,"column":60}},"62":{"start":{"line":134,"column":11},"end":{"line":143,"column":5}},"63":{"start":{"line":139,"column":6},"end":{"line":142,"column":8}},"64":{"start":{"line":144,"column":4},"end":{"line":145,"column":60}},"65":{"start":{"line":148,"column":32},"end":{"line":148,"column":73}},"66":{"start":{"line":150,"column":2},"end":{"line":155,"column":4}},"67":{"start":{"line":158,"column":27},"end":{"line":161,"column":1}},"68":{"start":{"line":159,"column":2},"end":{"line":159,"column":34}},"69":{"start":{"line":159,"column":20},"end":{"line":159,"column":34}},"70":{"start":{"line":160,"column":2},"end":{"line":160,"column":26}}},"fnMap":{"0":{"name":"(anonymous_0)","decl":{"start":{"line":4,"column":30},"end":{"line":4,"column":31}},"loc":{"start":{"line":4,"column":70},"end":{"line":12,"column":1}}},"1":{"name":"(anonymous_1)","decl":{"start":{"line":14,"column":36},"end":{"line":14,"column":37}},"loc":{"start":{"line":14,"column":59},"end":{"line":19,"column":1}}},"2":{"name":"(anonymous_2)","decl":{"start":{"line":21,"column":40},"end":{"line":21,"column":null}},"loc":{"start":{"line":24,"column":12},"end":{"line":51,"column":1}}},"3":{"name":"(anonymous_3)","decl":{"start":{"line":53,"column":32},"end":{"line":53,"column":33}},"loc":{"start":{"line":53,"column":62},"end":{"line":65,"column":1}}},"4":{"name":"(anonymous_4)","decl":{"start":{"line":67,"column":36},"end":{"line":67,"column":null}},"loc":{"start":{"line":72,"column":4},"end":{"line":156,"column":1}}},"5":{"name":"(anonymous_5)","decl":{"start":{"line":74,"column":40},"end":{"line":74,"column":41}},"loc":{"start":{"line":74,"column":56},"end":{"line":76,"column":3}}},"6":{"name":"(anonymous_6)","decl":{"start":{"line":81,"column":30},"end":{"line":81,"column":31}},"loc":{"start":{"line":81,"column":42},"end":{"line":110,"column":3}}},"7":{"name":"(anonymous_7)","decl":{"start":{"line":85,"column":6},"end":{"line":85,"column":7}},"loc":{"start":{"line":85,"column":15},"end":{"line":85,"column":79}}},"8":{"name":"(anonymous_8)","decl":{"start":{"line":113,"column":20},"end":{"line":113,"column":21}},"loc":{"start":{"line":113,"column":33},"end":{"line":146,"column":3}}},"9":{"name":"(anonymous_9)","decl":{"start":{"line":158,"column":27},"end":{"line":158,"column":28}},"loc":{"start":{"line":158,"column":53},"end":{"line":161,"column":1}}}},"branchMap":{"0":{"loc":{"start":{"line":25,"column":2},"end":{"line":25,"column":31}},"type":"if","locations":[{"start":{"line":25,"column":2},"end":{"line":25,"column":31}},{"start":{},"end":{}}]},"1":{"loc":{"start":{"line":25,"column":6},"end":{"line":25,"column":20}},"type":"binary-expr","locations":[{"start":{"line":25,"column":6},"end":{"line":25,"column":12}},{"start":{"line":25,"column":16},"end":{"line":25,"column":20}}]},"2":{"loc":{"start":{"line":30,"column":4},"end":{"line":37,"column":5}},"type":"if","locations":[{"start":{"line":30,"column":4},"end":{"line":37,"column":5}},{"start":{},"end":{}}]},"3":{"loc":{"start":{"line":31,"column":6},"end":{"line":34,"column":23}},"type":"binary-expr","locations":[{"start":{"line":31,"column":6},"end":{"line":31,"column":23}},{"start":{"line":32,"column":6},"end":{"line":32,"column":25}},{"start":{"line":33,"column":6},"end":{"line":33,"column":21}},{"start":{"line":34,"column":6},"end":{"line":34,"column":23}}]},"4":{"loc":{"start":{"line":43,"column":4},"end":{"line":45,"column":5}},"type":"if","locations":[{"start":{"line":43,"column":4},"end":{"line":45,"column":5}},{"start":{},"end":{}}]},"5":{"loc":{"start":{"line":91,"column":4},"end":{"line":108,"column":5}},"type":"if","locations":[{"start":{"line":91,"column":4},"end":{"line":108,"column":5}},{"start":{},"end":{}}]},"6":{"loc":{"start":{"line":91,"column":8},"end":{"line":91,"column":50}},"type":"binary-expr","locations":[{"start":{"line":91,"column":8},"end":{"line":91,"column":16}},{"start":{"line":91,"column":20},"end":{"line":91,"column":50}}]},"7":{"loc":{"start":{"line":92,"column":6},"end":{"line":99,"column":7}},"type":"if","locations":[{"start":{"line":92,"column":6},"end":{"line":99,"column":7}},{"start":{},"end":{}}]},"8":{"loc":{"start":{"line":93,"column":8},"end":{"line":96,"column":51}},"type":"binary-expr","locations":[{"start":{"line":93,"column":8},"end":{"line":93,"column":49}},{"start":{"line":94,"column":8},"end":{"line":94,"column":51}},{"start":{"line":95,"column":8},"end":{"line":95,"column":56}},{"start":{"line":96,"column":8},"end":{"line":96,"column":51}}]},"9":{"loc":{"start":{"line":100,"column":6},"end":{"line":107,"column":7}},"type":"if","locations":[{"start":{"line":100,"column":6},"end":{"line":107,"column":7}},{"start":{},"end":{}}]},"10":{"loc":{"start":{"line":101,"column":8},"end":{"line":104,"column":53}},"type":"binary-expr","locations":[{"start":{"line":101,"column":8},"end":{"line":101,"column":51}},{"start":{"line":102,"column":8},"end":{"line":102,"column":53}},{"start":{"line":103,"column":8},"end":{"line":103,"column":58}},{"start":{"line":104,"column":8},"end":{"line":104,"column":53}}]},"11":{"loc":{"start":{"line":118,"column":4},"end":{"line":129,"column":5}},"type":"if","locations":[{"start":{"line":118,"column":4},"end":{"line":129,"column":5}},{"start":{"line":120,"column":11},"end":{"line":129,"column":5}}]},"12":{"loc":{"start":{"line":120,"column":11},"end":{"line":129,"column":5}},"type":"if","locations":[{"start":{"line":120,"column":11},"end":{"line":129,"column":5}},{"start":{},"end":{}}]},"13":{"loc":{"start":{"line":121,"column":6},"end":{"line":123,"column":54}},"type":"binary-expr","locations":[{"start":{"line":121,"column":6},"end":{"line":121,"column":49}},{"start":{"line":122,"column":6},"end":{"line":122,"column":47}},{"start":{"line":123,"column":6},"end":{"line":123,"column":54}}]},"14":{"loc":{"start":{"line":132,"column":4},"end":{"line":143,"column":5}},"type":"if","locations":[{"start":{"line":132,"column":4},"end":{"line":143,"column":5}},{"start":{"line":134,"column":11},"end":{"line":143,"column":5}}]},"15":{"loc":{"start":{"line":134,"column":11},"end":{"line":143,"column":5}},"type":"if","locations":[{"start":{"line":134,"column":11},"end":{"line":143,"column":5}},{"start":{},"end":{}}]},"16":{"loc":{"start":{"line":135,"column":6},"end":{"line":137,"column":56}},"type":"binary-expr","locations":[{"start":{"line":135,"column":6},"end":{"line":135,"column":51}},{"start":{"line":136,"column":6},"end":{"line":136,"column":49}},{"start":{"line":137,"column":6},"end":{"line":137,"column":56}}]},"17":{"loc":{"start":{"line":159,"column":2},"end":{"line":159,"column":34}},"type":"if","locations":[{"start":{"line":159,"column":2},"end":{"line":159,"column":34}},{"start":{},"end":{}}]}},"s":{"0":0,"1":0,"2":0,"3":0,"4":0,"5":0,"6":0,"7":0,"8":0,"9":0,"10":0,"11":0,"12":0,"13":0,"14":0,"15":0,"16":0,"17":0,"18":0,"19":0,"20":0,"21":0,"22":0,"23":0,"24":0,"25":0,"26":0,"27":0,"28":0,"29":0,"30":0,"31":0,"32":0,"33":0,"34":0,"35":0,"36":0,"37":0,"38":0,"39":0,"40":0,"41":0,"42":0,"43":0,"44":0,"45":0,"46":0,"47":0,"48":0,"49":0,"50":0,"51":0,"52":0,"53":0,"54":0,"55":0,"56":0,"57":0,"58":0,"59":0,"60":0,"61":0,"62":0,"63":0,"64":0,"65":0,"66":0,"67":0,"68":0,"69":0,"70":0},"f":{"0":0,"1":0,"2":0,"3":0,"4":0,"5":0,"6":0,"7":0,"8":0,"9":0},"b":{"0":[0,0],"1":[0,0],"2":[0,0],"3":[0,0,0,0],"4":[0,0],"5":[0,0],"6":[0,0],"7":[0,0],"8":[0,0,0,0],"9":[0,0],"10":[0,0,0,0],"11":[0,0],"12":[0,0],"13":[0,0,0],"14":[0,0],"15":[0,0],"16":[0,0,0],"17":[0,0]}}
}
